{"/home/travis/build/npmtest/node-npmtest-parse-json/test.js":{"path":"/home/travis/build/npmtest/node-npmtest-parse-json/test.js","s":{"1":2,"2":2,"3":2,"4":2,"5":2,"6":2,"7":2,"8":1,"9":2,"10":2,"11":1,"12":1,"13":1,"14":1,"15":2,"16":2,"17":2,"18":2,"19":1,"20":1,"21":2,"22":2,"23":2,"24":1,"25":1,"26":1,"27":1,"28":1,"29":1,"30":1,"31":1,"32":1,"33":1,"34":1,"35":1,"36":1,"37":1,"38":1,"39":2,"40":2,"41":1,"42":2,"43":2,"44":1,"45":2,"46":2,"47":1,"48":2,"49":2,"50":1,"51":1,"52":1,"53":1,"54":1},"b":{"1":[2,1,1,1],"2":[1,1,1,1],"3":[1,1],"4":[1,1],"5":[1,1],"6":[1,1],"7":[1,1],"8":[1,1],"9":[1,1],"10":[1,1,1],"11":[1,1],"12":[1,1],"13":[1,1],"14":[1,1],"15":[1,1],"16":[1,1],"17":[1,1]},"f":{"1":2,"2":2,"3":2,"4":2,"5":2,"6":1,"7":1,"8":1,"9":2,"10":2,"11":2,"12":2,"13":1},"fnMap":{"1":{"name":"(anonymous_1)","line":12,"loc":{"start":{"line":12,"column":1},"end":{"line":12,"column":13}}},"2":{"name":"(anonymous_2)","line":19,"loc":{"start":{"line":19,"column":5},"end":{"line":19,"column":17}}},"3":{"name":"(anonymous_3)","line":23,"loc":{"start":{"line":23,"column":24},"end":{"line":23,"column":36}}},"4":{"name":"(anonymous_4)","line":61,"loc":{"start":{"line":61,"column":5},"end":{"line":61,"column":17}}},"5":{"name":"(anonymous_5)","line":82,"loc":{"start":{"line":82,"column":5},"end":{"line":82,"column":17}}},"6":{"name":"(anonymous_6)","line":91,"loc":{"start":{"line":91,"column":77},"end":{"line":94,"column":10}}},"7":{"name":"(anonymous_7)","line":112,"loc":{"start":{"line":112,"column":83},"end":{"line":115,"column":10}},"skip":true},"8":{"name":"(anonymous_8)","line":123,"loc":{"start":{"line":123,"column":77},"end":{"line":126,"column":10}},"skip":true},"9":{"name":"(anonymous_9)","line":139,"loc":{"start":{"line":139,"column":12},"end":{"line":139,"column":40}},"skip":true},"10":{"name":"(anonymous_10)","line":147,"loc":{"start":{"line":147,"column":77},"end":{"line":150,"column":10}},"skip":true},"11":{"name":"(anonymous_11)","line":158,"loc":{"start":{"line":158,"column":83},"end":{"line":161,"column":10}},"skip":true},"12":{"name":"(anonymous_12)","line":169,"loc":{"start":{"line":169,"column":79},"end":{"line":172,"column":10}},"skip":true},"13":{"name":"(anonymous_13)","line":180,"loc":{"start":{"line":180,"column":75},"end":{"line":183,"column":10}},"skip":true}},"statementMap":{"1":{"start":{"line":12,"column":0},"end":{"line":195,"column":5}},"2":{"start":{"line":14,"column":4},"end":{"line":14,"column":14}},"3":{"start":{"line":19,"column":4},"end":{"line":56,"column":9}},"4":{"start":{"line":21,"column":8},"end":{"line":21,"column":19}},"5":{"start":{"line":23,"column":8},"end":{"line":35,"column":13}},"6":{"start":{"line":24,"column":12},"end":{"line":34,"column":13}},"7":{"start":{"line":25,"column":16},"end":{"line":28,"column":30}},"8":{"start":{"line":30,"column":16},"end":{"line":33,"column":27}},"9":{"start":{"line":37,"column":8},"end":{"line":39,"column":21}},"10":{"start":{"line":40,"column":8},"end":{"line":53,"column":9}},"11":{"start":{"line":43,"column":12},"end":{"line":46,"column":14}},"12":{"start":{"line":47,"column":12},"end":{"line":47,"column":18}},"13":{"start":{"line":50,"column":12},"end":{"line":51,"column":33}},"14":{"start":{"line":52,"column":12},"end":{"line":52,"column":18}},"15":{"start":{"line":55,"column":8},"end":{"line":55,"column":35}},"16":{"start":{"line":61,"column":4},"end":{"line":63,"column":9}},"17":{"start":{"line":62,"column":8},"end":{"line":62,"column":15}},"18":{"start":{"line":64,"column":4},"end":{"line":77,"column":5}},"19":{"start":{"line":70,"column":8},"end":{"line":70,"column":14}},"20":{"start":{"line":76,"column":8},"end":{"line":76,"column":14}},"21":{"start":{"line":82,"column":4},"end":{"line":84,"column":9}},"22":{"start":{"line":83,"column":8},"end":{"line":83,"column":15}},"23":{"start":{"line":85,"column":4},"end":{"line":194,"column":5}},"24":{"start":{"line":91,"column":8},"end":{"line":99,"column":10}},"25":{"start":{"line":98,"column":12},"end":{"line":98,"column":35}},"26":{"start":{"line":102,"column":8},"end":{"line":104,"column":63}},"27":{"start":{"line":105,"column":8},"end":{"line":105,"column":14}},"28":{"start":{"line":112,"column":8},"end":{"line":121,"column":10},"skip":true},"29":{"start":{"line":119,"column":12},"end":{"line":119,"column":55},"skip":true},"30":{"start":{"line":120,"column":12},"end":{"line":120,"column":48},"skip":true},"31":{"start":{"line":123,"column":8},"end":{"line":136,"column":10},"skip":true},"32":{"start":{"line":130,"column":12},"end":{"line":130,"column":76},"skip":true},"33":{"start":{"line":131,"column":12},"end":{"line":131,"column":73},"skip":true},"34":{"start":{"line":132,"column":12},"end":{"line":132,"column":74},"skip":true},"35":{"start":{"line":133,"column":12},"end":{"line":133,"column":79},"skip":true},"36":{"start":{"line":134,"column":12},"end":{"line":134,"column":25},"skip":true},"37":{"start":{"line":135,"column":12},"end":{"line":135,"column":45},"skip":true},"38":{"start":{"line":138,"column":8},"end":{"line":145,"column":14},"skip":true},"39":{"start":{"line":143,"column":16},"end":{"line":143,"column":29},"skip":true},"40":{"start":{"line":144,"column":16},"end":{"line":144,"column":55},"skip":true},"41":{"start":{"line":147,"column":8},"end":{"line":156,"column":10},"skip":true},"42":{"start":{"line":154,"column":12},"end":{"line":154,"column":25},"skip":true},"43":{"start":{"line":155,"column":12},"end":{"line":155,"column":45},"skip":true},"44":{"start":{"line":158,"column":8},"end":{"line":167,"column":10},"skip":true},"45":{"start":{"line":165,"column":12},"end":{"line":165,"column":25},"skip":true},"46":{"start":{"line":166,"column":12},"end":{"line":166,"column":48},"skip":true},"47":{"start":{"line":169,"column":8},"end":{"line":178,"column":10},"skip":true},"48":{"start":{"line":176,"column":12},"end":{"line":176,"column":25},"skip":true},"49":{"start":{"line":177,"column":12},"end":{"line":177,"column":46},"skip":true},"50":{"start":{"line":180,"column":8},"end":{"line":189,"column":10},"skip":true},"51":{"start":{"line":187,"column":12},"end":{"line":187,"column":94},"skip":true},"52":{"start":{"line":188,"column":12},"end":{"line":188,"column":48},"skip":true},"53":{"start":{"line":192,"column":8},"end":{"line":192,"column":35},"skip":true},"54":{"start":{"line":193,"column":8},"end":{"line":193,"column":14},"skip":true}},"branchMap":{"1":{"line":25,"type":"binary-expr","locations":[{"start":{"line":25,"column":23},"end":{"line":25,"column":62}},{"start":{"line":26,"column":20},"end":{"line":26,"column":70}},{"start":{"line":27,"column":20},"end":{"line":27,"column":71}},{"start":{"line":28,"column":20},"end":{"line":28,"column":29}}]},"2":{"line":30,"type":"binary-expr","locations":[{"start":{"line":30,"column":23},"end":{"line":30,"column":37}},{"start":{"line":31,"column":20},"end":{"line":31,"column":61}},{"start":{"line":32,"column":20},"end":{"line":32,"column":70}},{"start":{"line":33,"column":20},"end":{"line":33,"column":26}}]},"3":{"line":37,"type":"cond-expr","locations":[{"start":{"line":38,"column":14},"end":{"line":38,"column":20}},{"start":{"line":39,"column":14},"end":{"line":39,"column":20}}]},"4":{"line":40,"type":"switch","locations":[{"start":{"line":42,"column":8},"end":{"line":47,"column":18}},{"start":{"line":49,"column":8},"end":{"line":52,"column":18}}]},"5":{"line":44,"type":"binary-expr","locations":[{"start":{"line":44,"column":16},"end":{"line":44,"column":44}},{"start":{"line":44,"column":48},"end":{"line":44,"column":66}}]},"6":{"line":50,"type":"binary-expr","locations":[{"start":{"line":50,"column":21},"end":{"line":50,"column":49}},{"start":{"line":50,"column":53},"end":{"line":50,"column":72}}]},"7":{"line":64,"type":"switch","locations":[{"start":{"line":69,"column":4},"end":{"line":70,"column":14}},{"start":{"line":75,"column":4},"end":{"line":76,"column":14}}]},"8":{"line":85,"type":"switch","locations":[{"start":{"line":90,"column":4},"end":{"line":105,"column":14}},{"start":{"line":111,"column":4},"end":{"line":193,"column":14},"skip":true}]},"9":{"line":91,"type":"binary-expr","locations":[{"start":{"line":91,"column":42},"end":{"line":91,"column":73}},{"start":{"line":91,"column":77},"end":{"line":99,"column":9}}]},"10":{"line":102,"type":"binary-expr","locations":[{"start":{"line":102,"column":18},"end":{"line":102,"column":32}},{"start":{"line":103,"column":12},"end":{"line":103,"column":53}},{"start":{"line":104,"column":12},"end":{"line":104,"column":61}}]},"11":{"line":112,"type":"binary-expr","locations":[{"start":{"line":112,"column":45},"end":{"line":112,"column":79},"skip":true},{"start":{"line":112,"column":83},"end":{"line":121,"column":9},"skip":true}]},"12":{"line":123,"type":"binary-expr","locations":[{"start":{"line":123,"column":42},"end":{"line":123,"column":73},"skip":true},{"start":{"line":123,"column":77},"end":{"line":136,"column":9},"skip":true}]},"13":{"line":138,"type":"binary-expr","locations":[{"start":{"line":138,"column":48},"end":{"line":138,"column":85},"skip":true},{"start":{"line":139,"column":12},"end":{"line":145,"column":13},"skip":true}]},"14":{"line":147,"type":"binary-expr","locations":[{"start":{"line":147,"column":42},"end":{"line":147,"column":73},"skip":true},{"start":{"line":147,"column":77},"end":{"line":156,"column":9},"skip":true}]},"15":{"line":158,"type":"binary-expr","locations":[{"start":{"line":158,"column":45},"end":{"line":158,"column":79},"skip":true},{"start":{"line":158,"column":83},"end":{"line":167,"column":9},"skip":true}]},"16":{"line":169,"type":"binary-expr","locations":[{"start":{"line":169,"column":43},"end":{"line":169,"column":75},"skip":true},{"start":{"line":169,"column":79},"end":{"line":178,"column":9},"skip":true}]},"17":{"line":180,"type":"binary-expr","locations":[{"start":{"line":180,"column":41},"end":{"line":180,"column":71},"skip":true},{"start":{"line":180,"column":75},"end":{"line":189,"column":9},"skip":true}]}},"code":["/* istanbul instrument in package npmtest_parse_json */","/*jslint","    bitwise: true,","    browser: true,","    maxerr: 8,","    maxlen: 96,","    node: true,","    nomen: true,","    regexp: true,","    stupid: true","*/","(function () {","    'use strict';","    var local;","","","","    // run shared js-env code - init-before","    (function () {","        // init local","        local = {};","        // init modeJs","        local.modeJs = (function () {","            try {","                return typeof navigator.userAgent === 'string' &&","                    typeof document.querySelector('body') === 'object' &&","                    typeof XMLHttpRequest.prototype.open === 'function' &&","                    'browser';","            } catch (errorCaughtBrowser) {","                return module.exports &&","                    typeof process.versions.node === 'string' &&","                    typeof require('http').createServer === 'function' &&","                    'node';","            }","        }());","        // init global","        local.global = local.modeJs === 'browser'","            ? window","            : global;","        switch (local.modeJs) {","        // re-init local from window.local","        case 'browser':","            local = local.global.utility2.objectSetDefault(","                local.global.utility2_rollup || local.global.local,","                local.global.utility2","            );","            break;","        // re-init local from example.js","        case 'node':","            local = (local.global.utility2_rollup || require('utility2'))","                .requireReadme();","            break;","        }","        // export local","        local.global.local = local;","    }());","","","","    // run shared js-env code - function","    (function () {","        return;","    }());","    switch (local.modeJs) {","","","","    // run browser js-env code - function","    case 'browser':","        break;","","","","    // run node js-env code - function","    case 'node':","        break;","    }","","","","    // run shared js-env code - init-after","    (function () {","        return;","    }());","    switch (local.modeJs) {","","","","    // run browser js-env code - init-after","    case 'browser':","        local.testCase_browser_nullCase = local.testCase_browser_nullCase || function (","            options,","            onError","        ) {","        /*","         * this function will test browsers's null-case handling-behavior-behavior","         */","            onError(null, options);","        };","","        // run tests","        local.nop(local.modeTest &&","            document.querySelector('#testRunButton1') &&","            document.querySelector('#testRunButton1').click());","        break;","","","","    // run node js-env code - init-after","    /* istanbul ignore next */","    case 'node':","        local.testCase_buildApidoc_default = local.testCase_buildApidoc_default || function (","            options,","            onError","        ) {","        /*","         * this function will test buildApidoc's default handling-behavior-behavior","         */","            options = { modulePathList: module.paths };","            local.buildApidoc(options, onError);","        };","","        local.testCase_buildApp_default = local.testCase_buildApp_default || function (","            options,","            onError","        ) {","        /*","         * this function will test buildApp's default handling-behavior-behavior","         */","            local.testCase_buildReadme_default(options, local.onErrorThrow);","            local.testCase_buildLib_default(options, local.onErrorThrow);","            local.testCase_buildTest_default(options, local.onErrorThrow);","            local.testCase_buildCustomOrg_default(options, local.onErrorThrow);","            options = [];","            local.buildApp(options, onError);","        };","","        local.testCase_buildCustomOrg_default = local.testCase_buildCustomOrg_default ||","            function (options, onError) {","            /*","             * this function will test buildCustomOrg's default handling-behavior","             */","                options = {};","                local.buildCustomOrg(options, onError);","            };","","        local.testCase_buildLib_default = local.testCase_buildLib_default || function (","            options,","            onError","        ) {","        /*","         * this function will test buildLib's default handling-behavior","         */","            options = {};","            local.buildLib(options, onError);","        };","","        local.testCase_buildReadme_default = local.testCase_buildReadme_default || function (","            options,","            onError","        ) {","        /*","         * this function will test buildReadme's default handling-behavior-behavior","         */","            options = {};","            local.buildReadme(options, onError);","        };","","        local.testCase_buildTest_default = local.testCase_buildTest_default || function (","            options,","            onError","        ) {","        /*","         * this function will test buildTest's default handling-behavior","         */","            options = {};","            local.buildTest(options, onError);","        };","","        local.testCase_webpage_default = local.testCase_webpage_default || function (","            options,","            onError","        ) {","        /*","         * this function will test webpage's default handling-behavior","         */","            options = { modeCoverageMerge: true, url: local.serverLocalHost + '?modeTest=1' };","            local.browserTest(options, onError);","        };","","        // run test-server","        local.testRunServer(local);","        break;","    }","}());",""],"l":{"12":2,"14":2,"19":2,"21":2,"23":2,"24":2,"25":2,"30":1,"37":2,"40":2,"43":1,"47":1,"50":1,"52":1,"55":2,"61":2,"62":2,"64":2,"70":1,"76":1,"82":2,"83":2,"85":2,"91":1,"98":1,"102":1,"105":1,"112":1,"119":1,"120":1,"123":1,"130":1,"131":1,"132":1,"133":1,"134":1,"135":1,"138":1,"143":2,"144":2,"147":1,"154":2,"155":2,"158":1,"165":2,"166":2,"169":1,"176":2,"177":2,"180":1,"187":1,"188":1,"192":1,"193":1}},"/home/travis/build/npmtest/node-npmtest-parse-json/lib.npmtest_parse_json.js":{"path":"/home/travis/build/npmtest/node-npmtest-parse-json/lib.npmtest_parse_json.js","s":{"1":2,"2":2,"3":2,"4":2,"5":2,"6":2,"7":2,"8":1,"9":2,"10":2,"11":2,"12":2,"13":1,"14":1,"15":1,"16":1},"b":{"1":[2,1,1,1],"2":[1,1,1,1],"3":[1,1],"4":[2,2],"5":[1,1]},"f":{"1":2,"2":2,"3":2},"fnMap":{"1":{"name":"(anonymous_1)","line":12,"loc":{"start":{"line":12,"column":1},"end":{"line":12,"column":13}}},"2":{"name":"(anonymous_2)","line":19,"loc":{"start":{"line":19,"column":5},"end":{"line":19,"column":17}}},"3":{"name":"(anonymous_3)","line":23,"loc":{"start":{"line":23,"column":24},"end":{"line":23,"column":36}}}},"statementMap":{"1":{"start":{"line":12,"column":0},"end":{"line":53,"column":5}},"2":{"start":{"line":14,"column":4},"end":{"line":14,"column":14}},"3":{"start":{"line":19,"column":4},"end":{"line":52,"column":9}},"4":{"start":{"line":21,"column":8},"end":{"line":21,"column":19}},"5":{"start":{"line":23,"column":8},"end":{"line":35,"column":13}},"6":{"start":{"line":24,"column":12},"end":{"line":34,"column":13}},"7":{"start":{"line":25,"column":16},"end":{"line":28,"column":30}},"8":{"start":{"line":30,"column":16},"end":{"line":33,"column":27}},"9":{"start":{"line":37,"column":8},"end":{"line":39,"column":21}},"10":{"start":{"line":41,"column":8},"end":{"line":41,"column":54}},"11":{"start":{"line":43,"column":8},"end":{"line":43,"column":55}},"12":{"start":{"line":45,"column":8},"end":{"line":51,"column":9}},"13":{"start":{"line":46,"column":12},"end":{"line":46,"column":61}},"14":{"start":{"line":48,"column":12},"end":{"line":48,"column":35}},"15":{"start":{"line":49,"column":12},"end":{"line":49,"column":49}},"16":{"start":{"line":50,"column":12},"end":{"line":50,"column":43}}},"branchMap":{"1":{"line":25,"type":"binary-expr","locations":[{"start":{"line":25,"column":23},"end":{"line":25,"column":62}},{"start":{"line":26,"column":20},"end":{"line":26,"column":70}},{"start":{"line":27,"column":20},"end":{"line":27,"column":71}},{"start":{"line":28,"column":20},"end":{"line":28,"column":29}}]},"2":{"line":30,"type":"binary-expr","locations":[{"start":{"line":30,"column":23},"end":{"line":30,"column":37}},{"start":{"line":31,"column":20},"end":{"line":31,"column":61}},{"start":{"line":32,"column":20},"end":{"line":32,"column":70}},{"start":{"line":33,"column":20},"end":{"line":33,"column":26}}]},"3":{"line":37,"type":"cond-expr","locations":[{"start":{"line":38,"column":14},"end":{"line":38,"column":20}},{"start":{"line":39,"column":14},"end":{"line":39,"column":20}}]},"4":{"line":41,"type":"binary-expr","locations":[{"start":{"line":41,"column":16},"end":{"line":41,"column":44}},{"start":{"line":41,"column":48},"end":{"line":41,"column":53}}]},"5":{"line":45,"type":"if","locations":[{"start":{"line":45,"column":8},"end":{"line":45,"column":8}},{"start":{"line":45,"column":8},"end":{"line":45,"column":8}}]}},"code":["/* istanbul instrument in package npmtest_parse_json */","/*jslint","    bitwise: true,","    browser: true,","    maxerr: 8,","    maxlen: 96,","    node: true,","    nomen: true,","    regexp: true,","    stupid: true","*/","(function () {","    'use strict';","    var local;","","","","    // run shared js-env code - init-before","    (function () {","        // init local","        local = {};","        // init modeJs","        local.modeJs = (function () {","            try {","                return typeof navigator.userAgent === 'string' &&","                    typeof document.querySelector('body') === 'object' &&","                    typeof XMLHttpRequest.prototype.open === 'function' &&","                    'browser';","            } catch (errorCaughtBrowser) {","                return module.exports &&","                    typeof process.versions.node === 'string' &&","                    typeof require('http').createServer === 'function' &&","                    'node';","            }","        }());","        // init global","        local.global = local.modeJs === 'browser'","            ? window","            : global;","        // init utility2_rollup","        local = local.global.utility2_rollup || local;","        // init lib","        local.local = local.npmtest_parse_json = local;","        // init exports","        if (local.modeJs === 'browser') {","            local.global.utility2_npmtest_parse_json = local;","        } else {","            module.exports = local;","            module.exports.__dirname = __dirname;","            module.exports.module = module;","        }","    }());","}());",""],"l":{"12":2,"14":2,"19":2,"21":2,"23":2,"24":2,"25":2,"30":1,"37":2,"41":2,"43":2,"45":2,"46":1,"48":1,"49":1,"50":1}},"/home/travis/build/npmtest/node-npmtest-parse-json/example.js":{"path":"/home/travis/build/npmtest/node-npmtest-parse-json/example.js","s":{"1":2,"2":2,"3":2,"4":2,"5":2,"6":2,"7":2,"8":1,"9":2,"10":2,"11":2,"12":2,"13":1,"14":2,"15":2,"16":2,"17":2,"18":2,"19":0,"20":2,"21":1,"22":1,"23":1,"24":1,"25":1,"26":0,"27":0,"28":1,"29":1,"30":2,"31":0,"32":0,"33":0,"34":1,"35":2,"36":2,"37":3,"38":3,"39":3,"40":3,"41":0,"42":3,"43":3,"44":3,"45":1,"46":3,"47":1,"48":1,"49":1,"50":1,"51":1,"52":1,"53":1,"54":1,"55":1,"56":1,"57":0,"58":1,"59":6,"60":6,"61":1,"62":2,"63":0,"64":2,"65":1,"66":1,"67":0,"68":0,"69":0,"70":0,"71":0,"72":0,"73":0,"74":0,"75":0,"76":0,"77":0,"78":0,"79":0,"80":0,"81":0,"82":0,"83":0},"b":{"1":[2,1,1,1],"2":[1,1,1,1],"3":[1,1],"4":[2,2],"5":[1,1],"6":[1,1],"7":[2,0],"8":[2,1,1,1,1,1],"9":[0,2,0],"10":[1,1],"11":[2,1,1],"12":[1,0],"13":[0,2],"14":[2,0,0,0,0,0,0],"15":[0,3],"16":[3,0],"17":[1,1],"18":[0,1],"19":[1,2,0,2],"20":[1,0],"21":[1,1],"22":[0,0],"23":[0,0],"24":[0,0],"25":[0,0],"26":[0,0],"27":[0,0],"28":[0,0]},"f":{"1":2,"2":2,"3":2,"4":2,"5":2,"6":2,"7":3,"8":3,"9":3,"10":1,"11":6,"12":0},"fnMap":{"1":{"name":"(anonymous_1)","line":26,"loc":{"start":{"line":26,"column":1},"end":{"line":26,"column":13}}},"2":{"name":"(anonymous_2)","line":33,"loc":{"start":{"line":33,"column":5},"end":{"line":33,"column":17}}},"3":{"name":"(anonymous_3)","line":37,"loc":{"start":{"line":37,"column":24},"end":{"line":37,"column":36}}},"4":{"name":"(anonymous_4)","line":69,"loc":{"start":{"line":69,"column":31},"end":{"line":69,"column":48}},"skip":true},"5":{"name":"(anonymous_5)","line":78,"loc":{"start":{"line":78,"column":26},"end":{"line":78,"column":45}},"skip":true},"6":{"name":"(anonymous_6)","line":123,"loc":{"start":{"line":123,"column":33},"end":{"line":123,"column":48}},"skip":true},"7":{"name":"(anonymous_7)","line":125,"loc":{"start":{"line":125,"column":27},"end":{"line":125,"column":39}},"skip":true},"8":{"name":"(anonymous_8)","line":133,"loc":{"start":{"line":133,"column":59},"end":{"line":133,"column":74}},"skip":true},"9":{"name":"(anonymous_9)","line":143,"loc":{"start":{"line":143,"column":45},"end":{"line":143,"column":62}},"skip":true},"10":{"name":"(anonymous_10)","line":144,"loc":{"start":{"line":144,"column":73},"end":{"line":144,"column":92}},"skip":true},"11":{"name":"(anonymous_11)","line":272,"loc":{"start":{"line":272,"column":51},"end":{"line":272,"column":77}},"skip":true},"12":{"name":"(anonymous_12)","line":315,"loc":{"start":{"line":315,"column":32},"end":{"line":315,"column":61}},"skip":true}},"statementMap":{"1":{"start":{"line":26,"column":0},"end":{"line":326,"column":5}},"2":{"start":{"line":28,"column":4},"end":{"line":28,"column":14}},"3":{"start":{"line":33,"column":4},"end":{"line":60,"column":9}},"4":{"start":{"line":35,"column":8},"end":{"line":35,"column":19}},"5":{"start":{"line":37,"column":8},"end":{"line":49,"column":13}},"6":{"start":{"line":38,"column":12},"end":{"line":48,"column":13}},"7":{"start":{"line":39,"column":16},"end":{"line":42,"column":30}},"8":{"start":{"line":44,"column":16},"end":{"line":47,"column":27}},"9":{"start":{"line":51,"column":8},"end":{"line":53,"column":21}},"10":{"start":{"line":55,"column":8},"end":{"line":57,"column":45}},"11":{"start":{"line":59,"column":8},"end":{"line":59,"column":35}},"12":{"start":{"line":61,"column":4},"end":{"line":325,"column":5}},"13":{"start":{"line":69,"column":8},"end":{"line":121,"column":10},"skip":true},"14":{"start":{"line":70,"column":12},"end":{"line":88,"column":13},"skip":true},"15":{"start":{"line":76,"column":16},"end":{"line":87,"column":19},"skip":true},"16":{"start":{"line":79,"column":20},"end":{"line":86,"column":21},"skip":true},"17":{"start":{"line":82,"column":24},"end":{"line":82,"column":43},"skip":true},"18":{"start":{"line":83,"column":24},"end":{"line":83,"column":30},"skip":true},"19":{"start":{"line":85,"column":24},"end":{"line":85,"column":49},"skip":true},"20":{"start":{"line":89,"column":12},"end":{"line":107,"column":13},"skip":true},"21":{"start":{"line":92,"column":16},"end":{"line":102,"column":17},"skip":true},"22":{"start":{"line":93,"column":20},"end":{"line":93,"column":86},"skip":true},"23":{"start":{"line":94,"column":20},"end":{"line":95,"column":45},"skip":true},"24":{"start":{"line":96,"column":20},"end":{"line":96,"column":42},"skip":true},"25":{"start":{"line":97,"column":20},"end":{"line":97,"column":48},"skip":true},"26":{"start":{"line":100,"column":20},"end":{"line":100,"column":85},"skip":true},"27":{"start":{"line":101,"column":20},"end":{"line":101,"column":96},"skip":true},"28":{"start":{"line":103,"column":16},"end":{"line":103,"column":22},"skip":true},"29":{"start":{"line":106,"column":16},"end":{"line":106,"column":22},"skip":true},"30":{"start":{"line":108,"column":12},"end":{"line":120,"column":13},"skip":true},"31":{"start":{"line":114,"column":16},"end":{"line":119,"column":17},"skip":true},"32":{"start":{"line":116,"column":20},"end":{"line":116,"column":78},"skip":true},"33":{"start":{"line":118,"column":20},"end":{"line":118,"column":47},"skip":true},"34":{"start":{"line":123,"column":8},"end":{"line":141,"column":11},"skip":true},"35":{"start":{"line":124,"column":12},"end":{"line":124,"column":54},"skip":true},"36":{"start":{"line":125,"column":12},"end":{"line":140,"column":14},"skip":true},"37":{"start":{"line":126,"column":16},"end":{"line":126,"column":28},"skip":true},"38":{"start":{"line":127,"column":16},"end":{"line":127,"column":69},"skip":true},"39":{"start":{"line":128,"column":16},"end":{"line":128,"column":75},"skip":true},"40":{"start":{"line":129,"column":16},"end":{"line":131,"column":17},"skip":true},"41":{"start":{"line":130,"column":20},"end":{"line":130,"column":27},"skip":true},"42":{"start":{"line":133,"column":16},"end":{"line":137,"column":36},"skip":true},"43":{"start":{"line":134,"column":20},"end":{"line":136,"column":55},"skip":true},"44":{"start":{"line":139,"column":16},"end":{"line":139,"column":57},"skip":true},"45":{"start":{"line":143,"column":8},"end":{"line":147,"column":11},"skip":true},"46":{"start":{"line":144,"column":12},"end":{"line":146,"column":15},"skip":true},"47":{"start":{"line":145,"column":16},"end":{"line":145,"column":70},"skip":true},"48":{"start":{"line":149,"column":8},"end":{"line":149,"column":31},"skip":true},"49":{"start":{"line":150,"column":8},"end":{"line":150,"column":14},"skip":true},"50":{"start":{"line":158,"column":8},"end":{"line":158,"column":31},"skip":true},"51":{"start":{"line":160,"column":8},"end":{"line":160,"column":33},"skip":true},"52":{"start":{"line":161,"column":8},"end":{"line":161,"column":37},"skip":true},"53":{"start":{"line":162,"column":8},"end":{"line":162,"column":35},"skip":true},"54":{"start":{"line":164,"column":8},"end":{"line":164,"column":50},"skip":true},"55":{"start":{"line":166,"column":8},"end":{"line":256,"column":2},"skip":true},"56":{"start":{"line":258,"column":8},"end":{"line":286,"column":9},"skip":true},"57":{"start":{"line":259,"column":12},"end":{"line":269,"column":14},"skip":true},"58":{"start":{"line":271,"column":12},"end":{"line":285,"column":19},"skip":true},"59":{"start":{"line":274,"column":20},"end":{"line":274,"column":35},"skip":true},"60":{"start":{"line":275,"column":20},"end":{"line":284,"column":21},"skip":true},"61":{"start":{"line":277,"column":24},"end":{"line":277,"column":64},"skip":true},"62":{"start":{"line":279,"column":24},"end":{"line":279,"column":40},"skip":true},"63":{"start":{"line":281,"column":24},"end":{"line":281,"column":40},"skip":true},"64":{"start":{"line":283,"column":24},"end":{"line":283,"column":39},"skip":true},"65":{"start":{"line":288,"column":8},"end":{"line":290,"column":9},"skip":true},"66":{"start":{"line":289,"column":12},"end":{"line":289,"column":18},"skip":true},"67":{"start":{"line":291,"column":8},"end":{"line":293,"column":54},"skip":true},"68":{"start":{"line":296,"column":8},"end":{"line":301,"column":37},"skip":true},"69":{"start":{"line":303,"column":8},"end":{"line":303,"column":82},"skip":true},"70":{"start":{"line":306,"column":8},"end":{"line":308,"column":9},"skip":true},"71":{"start":{"line":307,"column":12},"end":{"line":307,"column":82},"skip":true},"72":{"start":{"line":310,"column":8},"end":{"line":312,"column":9},"skip":true},"73":{"start":{"line":311,"column":12},"end":{"line":311,"column":18},"skip":true},"74":{"start":{"line":313,"column":8},"end":{"line":313,"column":54},"skip":true},"75":{"start":{"line":314,"column":8},"end":{"line":314,"column":69},"skip":true},"76":{"start":{"line":315,"column":8},"end":{"line":323,"column":36},"skip":true},"77":{"start":{"line":316,"column":12},"end":{"line":316,"column":61},"skip":true},"78":{"start":{"line":317,"column":12},"end":{"line":320,"column":13},"skip":true},"79":{"start":{"line":318,"column":16},"end":{"line":318,"column":75},"skip":true},"80":{"start":{"line":319,"column":16},"end":{"line":319,"column":23},"skip":true},"81":{"start":{"line":321,"column":12},"end":{"line":321,"column":38},"skip":true},"82":{"start":{"line":322,"column":12},"end":{"line":322,"column":27},"skip":true},"83":{"start":{"line":324,"column":8},"end":{"line":324,"column":14},"skip":true}},"branchMap":{"1":{"line":39,"type":"binary-expr","locations":[{"start":{"line":39,"column":23},"end":{"line":39,"column":62}},{"start":{"line":40,"column":20},"end":{"line":40,"column":70}},{"start":{"line":41,"column":20},"end":{"line":41,"column":71}},{"start":{"line":42,"column":20},"end":{"line":42,"column":29}}]},"2":{"line":44,"type":"binary-expr","locations":[{"start":{"line":44,"column":23},"end":{"line":44,"column":37}},{"start":{"line":45,"column":20},"end":{"line":45,"column":61}},{"start":{"line":46,"column":20},"end":{"line":46,"column":70}},{"start":{"line":47,"column":20},"end":{"line":47,"column":26}}]},"3":{"line":51,"type":"cond-expr","locations":[{"start":{"line":52,"column":14},"end":{"line":52,"column":20}},{"start":{"line":53,"column":14},"end":{"line":53,"column":20}}]},"4":{"line":55,"type":"binary-expr","locations":[{"start":{"line":55,"column":16},"end":{"line":55,"column":44}},{"start":{"line":55,"column":49},"end":{"line":57,"column":43}}]},"5":{"line":55,"type":"cond-expr","locations":[{"start":{"line":56,"column":14},"end":{"line":56,"column":54}},{"start":{"line":57,"column":14},"end":{"line":57,"column":43}}]},"6":{"line":61,"type":"switch","locations":[{"start":{"line":68,"column":4},"end":{"line":150,"column":14},"skip":true},{"start":{"line":156,"column":4},"end":{"line":324,"column":14},"skip":true}]},"7":{"line":70,"type":"if","locations":[{"start":{"line":70,"column":12},"end":{"line":70,"column":12},"skip":true},{"start":{"line":70,"column":12},"end":{"line":70,"column":12},"skip":true}]},"8":{"line":70,"type":"binary-expr","locations":[{"start":{"line":70,"column":16},"end":{"line":70,"column":22},"skip":true},{"start":{"line":70,"column":27},"end":{"line":70,"column":32},"skip":true},{"start":{"line":71,"column":20},"end":{"line":71,"column":39},"skip":true},{"start":{"line":72,"column":20},"end":{"line":72,"column":49},"skip":true},{"start":{"line":73,"column":20},"end":{"line":73,"column":58},"skip":true},{"start":{"line":74,"column":20},"end":{"line":74,"column":69},"skip":true}]},"9":{"line":79,"type":"switch","locations":[{"start":{"line":80,"column":20},"end":{"line":80,"column":33},"skip":true},{"start":{"line":81,"column":20},"end":{"line":83,"column":30},"skip":true},{"start":{"line":84,"column":20},"end":{"line":85,"column":49},"skip":true}]},"10":{"line":89,"type":"switch","locations":[{"start":{"line":90,"column":12},"end":{"line":103,"column":22},"skip":true},{"start":{"line":105,"column":12},"end":{"line":106,"column":22},"skip":true}]},"11":{"line":89,"type":"binary-expr","locations":[{"start":{"line":89,"column":20},"end":{"line":89,"column":25},"skip":true},{"start":{"line":89,"column":29},"end":{"line":89,"column":48},"skip":true},{"start":{"line":89,"column":52},"end":{"line":89,"column":74},"skip":true}]},"12":{"line":92,"type":"if","locations":[{"start":{"line":92,"column":16},"end":{"line":92,"column":16},"skip":true},{"start":{"line":92,"column":16},"end":{"line":92,"column":16},"skip":true}]},"13":{"line":108,"type":"if","locations":[{"start":{"line":108,"column":12},"end":{"line":108,"column":12},"skip":true},{"start":{"line":108,"column":12},"end":{"line":108,"column":12},"skip":true}]},"14":{"line":108,"type":"binary-expr","locations":[{"start":{"line":108,"column":16},"end":{"line":108,"column":61},"skip":true},{"start":{"line":108,"column":66},"end":{"line":108,"column":72},"skip":true},{"start":{"line":108,"column":77},"end":{"line":108,"column":82},"skip":true},{"start":{"line":109,"column":20},"end":{"line":109,"column":39},"skip":true},{"start":{"line":110,"column":20},"end":{"line":110,"column":49},"skip":true},{"start":{"line":111,"column":20},"end":{"line":111,"column":58},"skip":true},{"start":{"line":112,"column":20},"end":{"line":112,"column":68},"skip":true}]},"15":{"line":129,"type":"if","locations":[{"start":{"line":129,"column":16},"end":{"line":129,"column":16},"skip":true},{"start":{"line":129,"column":16},"end":{"line":129,"column":16},"skip":true}]},"16":{"line":134,"type":"cond-expr","locations":[{"start":{"line":135,"column":26},"end":{"line":135,"column":29},"skip":true},{"start":{"line":136,"column":26},"end":{"line":136,"column":54},"skip":true}]},"17":{"line":164,"type":"binary-expr","locations":[{"start":{"line":164,"column":27},"end":{"line":164,"column":43},"skip":true},{"start":{"line":164,"column":47},"end":{"line":164,"column":49},"skip":true}]},"18":{"line":258,"type":"if","locations":[{"start":{"line":258,"column":8},"end":{"line":258,"column":8},"skip":true},{"start":{"line":258,"column":8},"end":{"line":258,"column":8},"skip":true}]},"19":{"line":275,"type":"switch","locations":[{"start":{"line":276,"column":20},"end":{"line":277,"column":64},"skip":true},{"start":{"line":278,"column":20},"end":{"line":279,"column":40},"skip":true},{"start":{"line":280,"column":20},"end":{"line":281,"column":40},"skip":true},{"start":{"line":282,"column":20},"end":{"line":283,"column":39},"skip":true}]},"20":{"line":288,"type":"if","locations":[{"start":{"line":288,"column":8},"end":{"line":288,"column":8},"skip":true},{"start":{"line":288,"column":8},"end":{"line":288,"column":8},"skip":true}]},"21":{"line":288,"type":"binary-expr","locations":[{"start":{"line":288,"column":12},"end":{"line":288,"column":40},"skip":true},{"start":{"line":288,"column":44},"end":{"line":288,"column":67},"skip":true}]},"22":{"line":292,"type":"binary-expr","locations":[{"start":{"line":292,"column":12},"end":{"line":292,"column":50},"skip":true},{"start":{"line":293,"column":12},"end":{"line":293,"column":53},"skip":true}]},"23":{"line":297,"type":"binary-expr","locations":[{"start":{"line":297,"column":12},"end":{"line":297,"column":68},"skip":true},{"start":{"line":298,"column":12},"end":{"line":301,"column":36},"skip":true}]},"24":{"line":303,"type":"binary-expr","locations":[{"start":{"line":303,"column":43},"end":{"line":303,"column":75},"skip":true},{"start":{"line":303,"column":79},"end":{"line":303,"column":81},"skip":true}]},"25":{"line":306,"type":"if","locations":[{"start":{"line":306,"column":8},"end":{"line":306,"column":8},"skip":true},{"start":{"line":306,"column":8},"end":{"line":306,"column":8},"skip":true}]},"26":{"line":310,"type":"if","locations":[{"start":{"line":310,"column":8},"end":{"line":310,"column":8},"skip":true},{"start":{"line":310,"column":8},"end":{"line":310,"column":8},"skip":true}]},"27":{"line":313,"type":"binary-expr","locations":[{"start":{"line":313,"column":27},"end":{"line":313,"column":43},"skip":true},{"start":{"line":313,"column":47},"end":{"line":313,"column":53},"skip":true}]},"28":{"line":317,"type":"if","locations":[{"start":{"line":317,"column":12},"end":{"line":317,"column":12},"skip":true},{"start":{"line":317,"column":12},"end":{"line":317,"column":12},"skip":true}]}},"code":["/*","example.js","","quickstart example","","instruction","    1. save this script as example.js","    2. run the shell command:","        $ npm install npmtest-parse-json && PORT=8081 node example.js","    3. play with the browser-demo on http://127.0.0.1:8081","*/","","","","/* istanbul instrument in package npmtest_parse_json */","/*jslint","    bitwise: true,","    browser: true,","    maxerr: 8,","    maxlen: 96,","    node: true,","    nomen: true,","    regexp: true,","    stupid: true","*/","(function () {","    'use strict';","    var local;","","","","    // run shared js-env code - init-before","    (function () {","        // init local","        local = {};","        // init modeJs","        local.modeJs = (function () {","            try {","                return typeof navigator.userAgent === 'string' &&","                    typeof document.querySelector('body') === 'object' &&","                    typeof XMLHttpRequest.prototype.open === 'function' &&","                    'browser';","            } catch (errorCaughtBrowser) {","                return module.exports &&","                    typeof process.versions.node === 'string' &&","                    typeof require('http').createServer === 'function' &&","                    'node';","            }","        }());","        // init global","        local.global = local.modeJs === 'browser'","            ? window","            : global;","        // init utility2_rollup","        local = local.global.utility2_rollup || (local.modeJs === 'browser'","            ? local.global.utility2_npmtest_parse_json","            : global.utility2_moduleExports);","        // export local","        local.global.local = local;","    }());","    switch (local.modeJs) {","","","","    // init-after","    // run browser js-env code - init-after","    /* istanbul ignore next */","    case 'browser':","        local.testRunBrowser = function (event) {","            if (!event || (event &&","                    event.currentTarget &&","                    event.currentTarget.className &&","                    event.currentTarget.className.includes &&","                    event.currentTarget.className.includes('onreset'))) {","                // reset output","                Array.from(","                    document.querySelectorAll('body > .resettable')","                ).forEach(function (element) {","                    switch (element.tagName) {","                    case 'INPUT':","                    case 'TEXTAREA':","                        element.value = '';","                        break;","                    default:","                        element.textContent = '';","                    }","                });","            }","            switch (event && event.currentTarget && event.currentTarget.id) {","            case 'testRunButton1':","                // show tests","                if (document.querySelector('#testReportDiv1').style.display === 'none') {","                    document.querySelector('#testReportDiv1').style.display = 'block';","                    document.querySelector('#testRunButton1').textContent =","                        'hide internal test';","                    local.modeTest = true;","                    local.testRunDefault(local);","                // hide tests","                } else {","                    document.querySelector('#testReportDiv1').style.display = 'none';","                    document.querySelector('#testRunButton1').textContent = 'run internal test';","                }","                break;","            // custom-case","            default:","                break;","            }","            if (document.querySelector('#inputTextareaEval1') && (!event || (event &&","                    event.currentTarget &&","                    event.currentTarget.className &&","                    event.currentTarget.className.includes &&","                    event.currentTarget.className.includes('oneval')))) {","                // try to eval input-code","                try {","                    /*jslint evil: true*/","                    eval(document.querySelector('#inputTextareaEval1').value);","                } catch (errorCaught) {","                    console.error(errorCaught);","                }","            }","        };","        // log stderr and stdout to #outputTextareaStdout1","        ['error', 'log'].forEach(function (key) {","            console[key + '_original'] = console[key];","            console[key] = function () {","                var element;","                console[key + '_original'].apply(console, arguments);","                element = document.querySelector('#outputTextareaStdout1');","                if (!element) {","                    return;","                }","                // append text to #outputTextareaStdout1","                element.value += Array.from(arguments).map(function (arg) {","                    return typeof arg === 'string'","                        ? arg","                        : JSON.stringify(arg, null, 4);","                }).join(' ') + '\\n';","                // scroll textarea to bottom","                element.scrollTop = element.scrollHeight;","            };","        });","        // init event-handling","        ['change', 'click', 'keyup'].forEach(function (event) {","            Array.from(document.querySelectorAll('.on' + event)).forEach(function (element) {","                element.addEventListener(event, local.testRunBrowser);","            });","        });","        // run tests","        local.testRunBrowser();","        break;","","","","    // run node js-env code - init-after","    /* istanbul ignore next */","    case 'node':","        // export local","        module.exports = local;","        // require modules","        local.fs = require('fs');","        local.http = require('http');","        local.url = require('url');","        // init assets","        local.assetsDict = local.assetsDict || {};","        /* jslint-ignore-begin */","        local.assetsDict['/assets.index.template.html'] = '\\","<!doctype html>\\n\\","<html lang=\"en\">\\n\\","<head>\\n\\","<meta charset=\"UTF-8\">\\n\\","<meta name=\"viewport\" content=\"width=device-width, initial-scale=1\">\\n\\","<title>{{env.npm_package_name}} (v{{env.npm_package_version}})</title>\\n\\","<style>\\n\\","/*csslint\\n\\","    box-sizing: false,\\n\\","    universal-selector: false\\n\\","*/\\n\\","* {\\n\\","    box-sizing: border-box;\\n\\","}\\n\\","body {\\n\\","    background: #dde;\\n\\","    font-family: Arial, Helvetica, sans-serif;\\n\\","    margin: 2rem;\\n\\","}\\n\\","body > * {\\n\\","    margin-bottom: 1rem;\\n\\","}\\n\\",".utility2FooterDiv {\\n\\","    margin-top: 20px;\\n\\","    text-align: center;\\n\\","}\\n\\","</style>\\n\\","<style>\\n\\","/*csslint\\n\\","*/\\n\\","textarea {\\n\\","    font-family: monospace;\\n\\","    height: 10rem;\\n\\","    width: 100%;\\n\\","}\\n\\","textarea[readonly] {\\n\\","    background: #ddd;\\n\\","}\\n\\","</style>\\n\\","</head>\\n\\","<body>\\n\\","<!-- utility2-comment\\n\\","<div id=\"ajaxProgressDiv1\" style=\"background: #d00; height: 2px; left: 0; margin: 0; padding: 0; position: fixed; top: 0; transition: background 0.5s, width 1.5s; width: 25%;\"></div>\\n\\","utility2-comment -->\\n\\","<h1>\\n\\","<!-- utility2-comment\\n\\","    <a\\n\\","        {{#if env.npm_package_homepage}}\\n\\","        href=\"{{env.npm_package_homepage}}\"\\n\\","        {{/if env.npm_package_homepage}}\\n\\","        target=\"_blank\"\\n\\","    >\\n\\","utility2-comment -->\\n\\","        {{env.npm_package_name}} (v{{env.npm_package_version}})\\n\\","<!-- utility2-comment\\n\\","    </a>\\n\\","utility2-comment -->\\n\\","</h1>\\n\\","<h3>{{env.npm_package_description}}</h3>\\n\\","<!-- utility2-comment\\n\\","<h4><a download href=\"assets.app.js\">download standalone app</a></h4>\\n\\","<button class=\"onclick onreset\" id=\"testRunButton1\">run internal test</button><br>\\n\\","<div id=\"testReportDiv1\" style=\"display: none;\"></div>\\n\\","utility2-comment -->\\n\\","\\n\\","\\n\\","\\n\\","<label>stderr and stdout</label>\\n\\","<textarea class=\"resettable\" id=\"outputTextareaStdout1\" readonly></textarea>\\n\\","<!-- utility2-comment\\n\\","{{#if isRollup}}\\n\\","<script src=\"assets.app.js\"></script>\\n\\","{{#unless isRollup}}\\n\\","utility2-comment -->\\n\\","<script src=\"assets.utility2.rollup.js\"></script>\\n\\","<script src=\"jsonp.utility2._stateInit?callback=window.utility2._stateInit\"></script>\\n\\","<script src=\"assets.npmtest_parse_json.rollup.js\"></script>\\n\\","<script src=\"assets.example.js\"></script>\\n\\","<script src=\"assets.test.js\"></script>\\n\\","<!-- utility2-comment\\n\\","{{/if isRollup}}\\n\\","utility2-comment -->\\n\\","<div class=\"utility2FooterDiv\">\\n\\","    [ this app was created with\\n\\","    <a href=\"https://github.com/kaizhu256/node-utility2\" target=\"_blank\">utility2</a>\\n\\","    ]\\n\\","</div>\\n\\","</body>\\n\\","</html>\\n\\","';","        /* jslint-ignore-end */","        if (local.templateRender) {","            local.assetsDict['/'] = local.templateRender(","                local.assetsDict['/assets.index.template.html'],","                {","                    env: local.objectSetDefault(local.env, {","                        npm_package_description: 'the greatest app in the world!',","                        npm_package_name: 'my-app',","                        npm_package_nameAlias: 'my_app',","                        npm_package_version: '0.0.1'","                    })","                }","            );","        } else {","            local.assetsDict['/'] = local.assetsDict['/assets.index.template.html']","                .replace((/\\{\\{env\\.(\\w+?)\\}\\}/g), function (match0, match1) {","                    // jslint-hack","                    String(match0);","                    switch (match1) {","                    case 'npm_package_description':","                        return 'the greatest app in the world!';","                    case 'npm_package_name':","                        return 'my-app';","                    case 'npm_package_nameAlias':","                        return 'my_app';","                    case 'npm_package_version':","                        return '0.0.1';","                    }","                });","        }","        // run the cli","        if (local.global.utility2_rollup || module !== require.main) {","            break;","        }","        local.assetsDict['/assets.example.js'] =","            local.assetsDict['/assets.example.js'] ||","            local.fs.readFileSync(__filename, 'utf8');","        // bug-workaround - long $npm_package_buildCustomOrg","        /* jslint-ignore-begin */","        local.assetsDict['/assets.npmtest_parse_json.rollup.js'] =","            local.assetsDict['/assets.npmtest_parse_json.rollup.js'] ||","            local.fs.readFileSync(","                local.npmtest_parse_json.__dirname + '/lib.npmtest_parse_json.js',","                'utf8'","            ).replace((/^#!/), '//');","        /* jslint-ignore-end */","        local.assetsDict['/favicon.ico'] = local.assetsDict['/favicon.ico'] || '';","        // if $npm_config_timeout_exit exists,","        // then exit this process after $npm_config_timeout_exit ms","        if (Number(process.env.npm_config_timeout_exit)) {","            setTimeout(process.exit, Number(process.env.npm_config_timeout_exit));","        }","        // start server","        if (local.global.utility2_serverHttp1) {","            break;","        }","        process.env.PORT = process.env.PORT || '8081';","        console.error('server starting on port ' + process.env.PORT);","        local.http.createServer(function (request, response) {","            request.urlParsed = local.url.parse(request.url);","            if (local.assetsDict[request.urlParsed.pathname] !== undefined) {","                response.end(local.assetsDict[request.urlParsed.pathname]);","                return;","            }","            response.statusCode = 404;","            response.end();","        }).listen(process.env.PORT);","        break;","    }","}());",""],"l":{"26":2,"28":2,"33":2,"35":2,"37":2,"38":2,"39":2,"44":1,"51":2,"55":2,"59":2,"61":2,"69":1,"70":2,"76":2,"79":2,"82":2,"83":2,"85":1,"89":2,"92":1,"93":1,"94":1,"96":1,"97":1,"100":1,"101":1,"103":1,"106":1,"108":2,"114":1,"116":1,"118":1,"123":1,"124":2,"125":2,"126":3,"127":3,"128":3,"129":3,"130":1,"133":3,"134":3,"139":3,"143":1,"144":3,"145":1,"149":1,"150":1,"158":1,"160":1,"161":1,"162":1,"164":1,"166":1,"258":1,"259":1,"271":1,"274":6,"275":6,"277":1,"279":2,"281":1,"283":2,"288":1,"289":1,"291":1,"296":1,"303":1,"306":1,"307":1,"310":1,"311":1,"313":1,"314":1,"315":1,"316":1,"317":1,"318":1,"319":1,"321":1,"322":1,"324":1}},"/home/travis/build/npmtest/node-npmtest-parse-json/node_modules/parse-json/index.js":{"path":"/home/travis/build/npmtest/node-npmtest-parse-json/node_modules/parse-json/index.js","s":{"1":1,"2":1,"3":1,"4":1,"5":0,"6":0,"7":0,"8":0,"9":0,"10":0,"11":0,"12":0,"13":0,"14":0,"15":0,"16":0},"b":{"1":[0,0],"2":[0,0]},"f":{"1":0},"fnMap":{"1":{"name":"(anonymous_1)","line":9,"loc":{"start":{"line":9,"column":17},"end":{"line":9,"column":49}}}},"statementMap":{"1":{"start":{"line":2,"column":0},"end":{"line":2,"column":34}},"2":{"start":{"line":3,"column":0},"end":{"line":3,"column":41}},"3":{"start":{"line":5,"column":0},"end":{"line":7,"column":3}},"4":{"start":{"line":9,"column":0},"end":{"line":35,"column":2}},"5":{"start":{"line":10,"column":1},"end":{"line":13,"column":2}},"6":{"start":{"line":11,"column":2},"end":{"line":11,"column":21}},"7":{"start":{"line":12,"column":2},"end":{"line":12,"column":17}},"8":{"start":{"line":15,"column":1},"end":{"line":34,"column":2}},"9":{"start":{"line":16,"column":2},"end":{"line":25,"column":3}},"10":{"start":{"line":17,"column":3},"end":{"line":17,"column":33}},"11":{"start":{"line":19,"column":3},"end":{"line":22,"column":6}},"12":{"start":{"line":24,"column":3},"end":{"line":24,"column":13}},"13":{"start":{"line":27,"column":2},"end":{"line":27,"column":35}},"14":{"start":{"line":29,"column":2},"end":{"line":31,"column":3}},"15":{"start":{"line":30,"column":3},"end":{"line":30,"column":31}},"16":{"start":{"line":33,"column":2},"end":{"line":33,"column":16}}},"branchMap":{"1":{"line":10,"type":"if","locations":[{"start":{"line":10,"column":1},"end":{"line":10,"column":1}},{"start":{"line":10,"column":1},"end":{"line":10,"column":1}}]},"2":{"line":29,"type":"if","locations":[{"start":{"line":29,"column":2},"end":{"line":29,"column":2}},{"start":{"line":29,"column":2},"end":{"line":29,"column":2}}]}},"code":["'use strict';","var errorEx = require('error-ex');","var fallback = require('./vendor/parse');","","var JSONError = errorEx('JSONError', {","\tfileName: errorEx.append('in %s')","});","","module.exports = function (x, reviver, filename) {","\tif (typeof reviver === 'string') {","\t\tfilename = reviver;","\t\treviver = null;","\t}","","\ttry {","\t\ttry {","\t\t\treturn JSON.parse(x, reviver);","\t\t} catch (err) {","\t\t\tfallback.parse(x, {","\t\t\t\tmode: 'json',","\t\t\t\treviver: reviver","\t\t\t});","","\t\t\tthrow err;","\t\t}","\t} catch (err) {","\t\tvar jsonErr = new JSONError(err);","","\t\tif (filename) {","\t\t\tjsonErr.fileName = filename;","\t\t}","","\t\tthrow jsonErr;","\t}","};",""],"l":{"2":1,"3":1,"5":1,"9":1,"10":0,"11":0,"12":0,"15":0,"16":0,"17":0,"19":0,"24":0,"27":0,"29":0,"30":0,"33":0}},"/home/travis/build/npmtest/node-npmtest-parse-json/node_modules/parse-json/vendor/parse.js":{"path":"/home/travis/build/npmtest/node-npmtest-parse-json/node_modules/parse-json/vendor/parse.js","s":{"1":1,"2":1,"3":0,"4":1,"5":0,"6":1,"7":0,"8":1,"9":1,"10":0,"11":0,"12":0,"13":0,"14":0,"15":0,"16":0,"17":0,"18":0,"19":0,"20":0,"21":0,"22":0,"23":0,"24":0,"25":0,"26":0,"27":0,"28":1,"29":0,"30":0,"31":0,"32":0,"33":0,"34":0,"35":0,"36":0,"37":0,"38":0,"39":0,"40":0,"41":0,"42":0,"43":0,"44":0,"45":0,"46":0,"47":0,"48":0,"49":0,"50":0,"51":1,"52":0,"53":0,"54":0,"55":0,"56":0,"57":0,"58":0,"59":0,"60":0,"61":0,"62":0,"63":0,"64":1,"65":0,"66":0,"67":0,"68":0,"69":1,"70":0,"71":0,"72":0,"73":0,"74":0,"75":0,"76":0,"77":0,"78":0,"79":0,"80":0,"81":0,"82":0,"83":0,"84":0,"85":0,"86":0,"87":0,"88":0,"89":0,"90":0,"91":0,"92":0,"93":0,"94":0,"95":1,"96":0,"97":0,"98":0,"99":0,"100":0,"101":0,"102":0,"103":0,"104":0,"105":0,"106":0,"107":0,"108":0,"109":0,"110":0,"111":0,"112":0,"113":0,"114":0,"115":0,"116":0,"117":0,"118":0,"119":1,"120":0,"121":0,"122":0,"123":0,"124":0,"125":0,"126":0,"127":0,"128":0,"129":0,"130":0,"131":0,"132":0,"133":0,"134":0,"135":0,"136":0,"137":0,"138":0,"139":0,"140":0,"141":0,"142":0,"143":1,"144":0,"145":0,"146":0,"147":0,"148":0,"149":0,"150":0,"151":0,"152":0,"153":0,"154":0,"155":0,"156":0,"157":1,"158":0,"159":0,"160":0,"161":0,"162":0,"163":0,"164":0,"165":1,"166":0,"167":0,"168":0,"169":0,"170":0,"171":0,"172":0,"173":0,"174":0,"175":0,"176":0,"177":0,"178":0,"179":0,"180":0,"181":0,"182":0,"183":0,"184":0,"185":0,"186":0,"187":0,"188":0,"189":0,"190":0,"191":0,"192":0,"193":0,"194":0,"195":0,"196":0,"197":0,"198":0,"199":0,"200":0,"201":0,"202":0,"203":0,"204":0,"205":0,"206":0,"207":0,"208":0,"209":1,"210":0,"211":0,"212":0,"213":0,"214":0,"215":0,"216":0,"217":0,"218":0,"219":0,"220":0,"221":0,"222":0,"223":0,"224":0,"225":0,"226":0,"227":0,"228":0,"229":0,"230":0,"231":0,"232":0,"233":0,"234":0,"235":0,"236":0,"237":1,"238":0,"239":0,"240":0,"241":0,"242":0,"243":0,"244":0,"245":0,"246":0,"247":0,"248":0,"249":0,"250":0,"251":0,"252":0,"253":0,"254":0,"255":0,"256":0,"257":0,"258":0,"259":0,"260":0,"261":0,"262":0,"263":0,"264":0,"265":0,"266":0,"267":0,"268":0,"269":0,"270":0,"271":0,"272":0,"273":0,"274":0,"275":0,"276":0,"277":0,"278":0,"279":0,"280":0,"281":0,"282":0,"283":0,"284":0,"285":0,"286":0,"287":0,"288":0,"289":0,"290":0,"291":1,"292":0,"293":0,"294":0,"295":0,"296":0,"297":0,"298":0,"299":0,"300":0,"301":0,"302":0,"303":0,"304":0,"305":0,"306":0,"307":0,"308":1,"309":0,"310":0,"311":0,"312":0,"313":0,"314":0,"315":0,"316":0,"317":0,"318":0,"319":0,"320":0,"321":0,"322":0,"323":0,"324":0,"325":0,"326":0,"327":0,"328":0,"329":0,"330":0,"331":0,"332":0,"333":0,"334":0,"335":0,"336":0,"337":0,"338":0,"339":0,"340":0,"341":0,"342":0,"343":0,"344":0,"345":0,"346":0,"347":0,"348":0,"349":0,"350":0,"351":0,"352":0,"353":0,"354":0,"355":0,"356":0,"357":0,"358":0,"359":0,"360":0,"361":0,"362":1,"363":0,"364":0,"365":0,"366":0,"367":0,"368":0,"369":0,"370":0,"371":0,"372":0,"373":0,"374":0,"375":0,"376":0,"377":0,"378":0,"379":0,"380":0,"381":0,"382":0,"383":0,"384":1,"385":0,"386":0,"387":0,"388":0,"389":0,"390":0,"391":0,"392":0,"393":0},"b":{"1":[0,0,0,0,0,0],"2":[0,0],"3":[0,0],"4":[0,0],"5":[0,0],"6":[0,0],"7":[0,0],"8":[0,0],"9":[0,0],"10":[0,0],"11":[0,0],"12":[0,0],"13":[0,0],"14":[0,0],"15":[0,0],"16":[0,0],"17":[0,0],"18":[0,0],"19":[0,0],"20":[0,0],"21":[0,0],"22":[0,0],"23":[0,0],"24":[0,0],"25":[0,0],"26":[0,0],"27":[0,0,0],"28":[0,0],"29":[0,0],"30":[0,0],"31":[0,0,0,0,0,0,0],"32":[0,0],"33":[0,0],"34":[0,0],"35":[0,0],"36":[0,0,0],"37":[0,0],"38":[0,0],"39":[0,0],"40":[0,0],"41":[0,0],"42":[0,0,0,0],"43":[0,0],"44":[0,0],"45":[0,0],"46":[0,0],"47":[0,0,0,0],"48":[0,0],"49":[0,0],"50":[0,0],"51":[0,0],"52":[0,0],"53":[0,0],"54":[0,0],"55":[0,0],"56":[0,0],"57":[0,0],"58":[0,0],"59":[0,0],"60":[0,0],"61":[0,0],"62":[0,0],"63":[0,0],"64":[0,0],"65":[0,0],"66":[0,0],"67":[0,0],"68":[0,0,0],"69":[0,0],"70":[0,0],"71":[0,0],"72":[0,0],"73":[0,0],"74":[0,0],"75":[0,0],"76":[0,0],"77":[0,0],"78":[0,0],"79":[0,0],"80":[0,0],"81":[0,0,0],"82":[0,0],"83":[0,0],"84":[0,0],"85":[0,0],"86":[0,0],"87":[0,0,0],"88":[0,0],"89":[0,0],"90":[0,0],"91":[0,0],"92":[0,0],"93":[0,0],"94":[0,0],"95":[0,0],"96":[0,0,0],"97":[0,0],"98":[0,0],"99":[0,0,0],"100":[0,0],"101":[0,0],"102":[0,0],"103":[0,0],"104":[0,0],"105":[0,0],"106":[0,0],"107":[0,0],"108":[0,0],"109":[0,0],"110":[0,0],"111":[0,0],"112":[0,0,0,0,0,0],"113":[0,0],"114":[0,0],"115":[0,0],"116":[0,0],"117":[0,0],"118":[0,0],"119":[0,0],"120":[0,0,0,0],"121":[0,0],"122":[0,0],"123":[0,0],"124":[0,0,0],"125":[0,0],"126":[0,0],"127":[0,0],"128":[0,0],"129":[0,0],"130":[0,0],"131":[0,0,0],"132":[0,0],"133":[0,0],"134":[0,0],"135":[0,0],"136":[0,0],"137":[0,0],"138":[0,0],"139":[0,0],"140":[0,0],"141":[0,0],"142":[0,0],"143":[0,0],"144":[0,0],"145":[0,0],"146":[0,0],"147":[0,0],"148":[0,0],"149":[0,0],"150":[0,0],"151":[0,0,0],"152":[0,0],"153":[0,0]},"f":{"1":0,"2":0,"3":0,"4":0,"5":0,"6":0,"7":0,"8":0,"9":0,"10":0,"11":0,"12":0,"13":0,"14":0,"15":0,"16":0,"17":0,"18":0,"19":0,"20":0,"21":0,"22":0,"23":0,"24":0,"25":0,"26":0},"fnMap":{"1":{"name":"isHexDigit","line":11,"loc":{"start":{"line":11,"column":0},"end":{"line":11,"column":23}}},"2":{"name":"isOctDigit","line":17,"loc":{"start":{"line":17,"column":0},"end":{"line":17,"column":23}}},"3":{"name":"isDecDigit","line":21,"loc":{"start":{"line":21,"column":0},"end":{"line":21,"column":23}}},"4":{"name":"formatError","line":38,"loc":{"start":{"line":38,"column":0},"end":{"line":38,"column":66}}},"5":{"name":"parse","line":76,"loc":{"start":{"line":76,"column":0},"end":{"line":76,"column":31}}},"6":{"name":"(anonymous_6)","line":88,"loc":{"start":{"line":88,"column":19},"end":{"line":88,"column":30}}},"7":{"name":"(anonymous_7)","line":89,"loc":{"start":{"line":89,"column":17},"end":{"line":89,"column":29}}},"8":{"name":"(anonymous_8)","line":99,"loc":{"start":{"line":99,"column":6},"end":{"line":99,"column":17}}},"9":{"name":"(anonymous_9)","line":101,"loc":{"start":{"line":101,"column":19},"end":{"line":101,"column":30}}},"10":{"name":"(anonymous_10)","line":106,"loc":{"start":{"line":106,"column":17},"end":{"line":106,"column":35}}},"11":{"name":"fail","line":122,"loc":{"start":{"line":122,"column":2},"end":{"line":122,"column":21}}},"12":{"name":"newline","line":147,"loc":{"start":{"line":147,"column":2},"end":{"line":147,"column":24}}},"13":{"name":"parseGeneric","line":154,"loc":{"start":{"line":154,"column":2},"end":{"line":154,"column":26}}},"14":{"name":"parseKey","line":199,"loc":{"start":{"line":199,"column":2},"end":{"line":199,"column":22}}},"15":{"name":"skipWhiteSpace","line":242,"loc":{"start":{"line":242,"column":2},"end":{"line":242,"column":28}}},"16":{"name":"skipComment","line":279,"loc":{"start":{"line":279,"column":2},"end":{"line":279,"column":30}}},"17":{"name":"parseKeyword","line":310,"loc":{"start":{"line":310,"column":2},"end":{"line":310,"column":33}}},"18":{"name":"parseObject","line":323,"loc":{"start":{"line":323,"column":2},"end":{"line":323,"column":25}}},"19":{"name":"parseArray","line":403,"loc":{"start":{"line":403,"column":2},"end":{"line":403,"column":24}}},"20":{"name":"parseNumber","line":447,"loc":{"start":{"line":447,"column":2},"end":{"line":447,"column":25}}},"21":{"name":"(anonymous_21)","line":455,"loc":{"start":{"line":455,"column":17},"end":{"line":455,"column":36}}},"22":{"name":"parseIdentifier","line":545,"loc":{"start":{"line":545,"column":2},"end":{"line":545,"column":29}}},"23":{"name":"parseString","line":587,"loc":{"start":{"line":587,"column":2},"end":{"line":587,"column":32}}},"24":{"name":"parseJSON","line":698,"loc":{"start":{"line":698,"column":23},"end":{"line":698,"column":58}}},"25":{"name":"tokenizeJSON","line":740,"loc":{"start":{"line":740,"column":26},"end":{"line":740,"column":64}}},"26":{"name":"(anonymous_26)","line":743,"loc":{"start":{"line":743,"column":22},"end":{"line":743,"column":37}}}},"statementMap":{"1":{"start":{"line":9,"column":0},"end":{"line":9,"column":30}},"2":{"start":{"line":11,"column":0},"end":{"line":15,"column":1}},"3":{"start":{"line":12,"column":2},"end":{"line":14,"column":31}},"4":{"start":{"line":17,"column":0},"end":{"line":19,"column":1}},"5":{"start":{"line":18,"column":2},"end":{"line":18,"column":29}},"6":{"start":{"line":21,"column":0},"end":{"line":23,"column":1}},"7":{"start":{"line":22,"column":2},"end":{"line":22,"column":29}},"8":{"start":{"line":25,"column":0},"end":{"line":36,"column":1}},"9":{"start":{"line":38,"column":0},"end":{"line":74,"column":1}},"10":{"start":{"line":39,"column":2},"end":{"line":42,"column":20}},"11":{"start":{"line":44,"column":2},"end":{"line":44,"column":80}},"12":{"start":{"line":47,"column":2},"end":{"line":49,"column":3}},"13":{"start":{"line":48,"column":4},"end":{"line":48,"column":26}},"14":{"start":{"line":51,"column":2},"end":{"line":71,"column":3}},"15":{"start":{"line":52,"column":4},"end":{"line":52,"column":29}},"16":{"start":{"line":54,"column":4},"end":{"line":60,"column":5}},"17":{"start":{"line":55,"column":6},"end":{"line":58,"column":7}},"18":{"start":{"line":57,"column":8},"end":{"line":57,"column":24}},"19":{"start":{"line":59,"column":6},"end":{"line":59,"column":11}},"20":{"start":{"line":61,"column":4},"end":{"line":61,"column":18}},"21":{"start":{"line":63,"column":4},"end":{"line":67,"column":5}},"22":{"start":{"line":64,"column":6},"end":{"line":64,"column":22}},"23":{"start":{"line":65,"column":11},"end":{"line":67,"column":5}},"24":{"start":{"line":66,"column":6},"end":{"line":66,"column":54}},"25":{"start":{"line":70,"column":4},"end":{"line":70,"column":34}},"26":{"start":{"line":70,"column":29},"end":{"line":70,"column":34}},"27":{"start":{"line":73,"column":2},"end":{"line":73,"column":51}},"28":{"start":{"line":76,"column":0},"end":{"line":686,"column":1}},"29":{"start":{"line":78,"column":2},"end":{"line":78,"column":58}},"30":{"start":{"line":79,"column":2},"end":{"line":79,"column":80}},"31":{"start":{"line":80,"column":2},"end":{"line":80,"column":68}},"32":{"start":{"line":82,"column":2},"end":{"line":86,"column":16}},"33":{"start":{"line":88,"column":2},"end":{"line":88,"column":32}},"34":{"start":{"line":89,"column":2},"end":{"line":89,"column":39}},"35":{"start":{"line":89,"column":30},"end":{"line":89,"column":38}},"36":{"start":{"line":98,"column":2},"end":{"line":120,"column":3}},"37":{"start":{"line":99,"column":5},"end":{"line":119,"column":8}},"38":{"start":{"line":100,"column":6},"end":{"line":100,"column":22}},"39":{"start":{"line":101,"column":6},"end":{"line":104,"column":7}},"40":{"start":{"line":102,"column":8},"end":{"line":102,"column":72}},"41":{"start":{"line":102,"column":28},"end":{"line":102,"column":72}},"42":{"start":{"line":103,"column":8},"end":{"line":103,"column":24}},"43":{"start":{"line":106,"column":6},"end":{"line":118,"column":7}},"44":{"start":{"line":107,"column":8},"end":{"line":115,"column":9}},"45":{"start":{"line":108,"column":10},"end":{"line":112,"column":11}},"46":{"start":{"line":113,"column":10},"end":{"line":113,"column":45}},"47":{"start":{"line":113,"column":31},"end":{"line":113,"column":45}},"48":{"start":{"line":114,"column":10},"end":{"line":114,"column":44}},"49":{"start":{"line":116,"column":8},"end":{"line":116,"column":20}},"50":{"start":{"line":117,"column":8},"end":{"line":117,"column":16}},"51":{"start":{"line":122,"column":2},"end":{"line":145,"column":3}},"52":{"start":{"line":123,"column":4},"end":{"line":123,"column":37}},"53":{"start":{"line":125,"column":4},"end":{"line":139,"column":5}},"54":{"start":{"line":126,"column":6},"end":{"line":138,"column":7}},"55":{"start":{"line":127,"column":8},"end":{"line":133,"column":16}},"56":{"start":{"line":135,"column":8},"end":{"line":135,"column":51}},"57":{"start":{"line":135,"column":18},"end":{"line":135,"column":51}},"58":{"start":{"line":137,"column":8},"end":{"line":137,"column":49}},"59":{"start":{"line":137,"column":18},"end":{"line":137,"column":49}},"60":{"start":{"line":141,"column":4},"end":{"line":141,"column":85}},"61":{"start":{"line":142,"column":4},"end":{"line":142,"column":26}},"62":{"start":{"line":143,"column":4},"end":{"line":143,"column":29}},"63":{"start":{"line":144,"column":4},"end":{"line":144,"column":15}},"64":{"start":{"line":147,"column":2},"end":{"line":152,"column":3}},"65":{"start":{"line":149,"column":4},"end":{"line":149,"column":60}},"66":{"start":{"line":149,"column":50},"end":{"line":149,"column":60}},"67":{"start":{"line":150,"column":4},"end":{"line":150,"column":24}},"68":{"start":{"line":151,"column":4},"end":{"line":151,"column":12}},"69":{"start":{"line":154,"column":2},"end":{"line":197,"column":3}},"70":{"start":{"line":155,"column":4},"end":{"line":155,"column":14}},"71":{"start":{"line":157,"column":4},"end":{"line":196,"column":5}},"72":{"start":{"line":158,"column":6},"end":{"line":158,"column":18}},"73":{"start":{"line":159,"column":6},"end":{"line":159,"column":33}},"74":{"start":{"line":161,"column":6},"end":{"line":195,"column":7}},"75":{"start":{"line":162,"column":8},"end":{"line":162,"column":52}},"76":{"start":{"line":164,"column":13},"end":{"line":195,"column":7}},"77":{"start":{"line":165,"column":8},"end":{"line":165,"column":40}},"78":{"start":{"line":166,"column":8},"end":{"line":166,"column":28}},"79":{"start":{"line":168,"column":13},"end":{"line":195,"column":7}},"80":{"start":{"line":169,"column":8},"end":{"line":169,"column":40}},"81":{"start":{"line":170,"column":8},"end":{"line":170,"column":27}},"82":{"start":{"line":172,"column":13},"end":{"line":195,"column":7}},"83":{"start":{"line":178,"column":8},"end":{"line":178,"column":49}},"84":{"start":{"line":180,"column":13},"end":{"line":195,"column":7}},"85":{"start":{"line":181,"column":8},"end":{"line":181,"column":28}},"86":{"start":{"line":182,"column":8},"end":{"line":182,"column":40}},"87":{"start":{"line":184,"column":13},"end":{"line":195,"column":7}},"88":{"start":{"line":185,"column":8},"end":{"line":185,"column":28}},"89":{"start":{"line":186,"column":8},"end":{"line":186,"column":40}},"90":{"start":{"line":188,"column":13},"end":{"line":195,"column":7}},"91":{"start":{"line":189,"column":8},"end":{"line":189,"column":29}},"92":{"start":{"line":190,"column":8},"end":{"line":190,"column":41}},"93":{"start":{"line":193,"column":8},"end":{"line":193,"column":18}},"94":{"start":{"line":194,"column":8},"end":{"line":194,"column":34}},"95":{"start":{"line":199,"column":2},"end":{"line":240,"column":3}},"96":{"start":{"line":200,"column":4},"end":{"line":200,"column":14}},"97":{"start":{"line":202,"column":4},"end":{"line":239,"column":5}},"98":{"start":{"line":203,"column":6},"end":{"line":203,"column":18}},"99":{"start":{"line":204,"column":6},"end":{"line":204,"column":33}},"100":{"start":{"line":206,"column":6},"end":{"line":238,"column":7}},"101":{"start":{"line":207,"column":8},"end":{"line":207,"column":48}},"102":{"start":{"line":209,"column":13},"end":{"line":238,"column":7}},"103":{"start":{"line":210,"column":8},"end":{"line":210,"column":40}},"104":{"start":{"line":211,"column":8},"end":{"line":211,"column":28}},"105":{"start":{"line":213,"column":13},"end":{"line":238,"column":7}},"106":{"start":{"line":214,"column":8},"end":{"line":214,"column":40}},"107":{"start":{"line":215,"column":8},"end":{"line":215,"column":27}},"108":{"start":{"line":217,"column":13},"end":{"line":238,"column":7}},"109":{"start":{"line":220,"column":8},"end":{"line":220,"column":49}},"110":{"start":{"line":222,"column":13},"end":{"line":238,"column":7}},"111":{"start":{"line":225,"column":8},"end":{"line":225,"column":35}},"112":{"start":{"line":226,"column":8},"end":{"line":226,"column":38}},"113":{"start":{"line":228,"column":8},"end":{"line":233,"column":9}},"114":{"start":{"line":229,"column":10},"end":{"line":229,"column":29}},"115":{"start":{"line":230,"column":10},"end":{"line":230,"column":36}},"116":{"start":{"line":232,"column":10},"end":{"line":232,"column":40}},"117":{"start":{"line":236,"column":8},"end":{"line":236,"column":18}},"118":{"start":{"line":237,"column":8},"end":{"line":237,"column":34}},"119":{"start":{"line":242,"column":2},"end":{"line":277,"column":3}},"120":{"start":{"line":243,"column":4},"end":{"line":243,"column":16}},"121":{"start":{"line":244,"column":4},"end":{"line":275,"column":5}},"122":{"start":{"line":245,"column":6},"end":{"line":245,"column":33}},"123":{"start":{"line":247,"column":6},"end":{"line":274,"column":7}},"124":{"start":{"line":248,"column":8},"end":{"line":248,"column":18}},"125":{"start":{"line":249,"column":8},"end":{"line":249,"column":41}},"126":{"start":{"line":250,"column":8},"end":{"line":250,"column":20}},"127":{"start":{"line":251,"column":8},"end":{"line":251,"column":18}},"128":{"start":{"line":252,"column":8},"end":{"line":252,"column":20}},"129":{"start":{"line":253,"column":8},"end":{"line":253,"column":38}},"130":{"start":{"line":254,"column":8},"end":{"line":254,"column":20}},"131":{"start":{"line":256,"column":13},"end":{"line":274,"column":7}},"132":{"start":{"line":259,"column":13},"end":{"line":274,"column":7}},"133":{"start":{"line":263,"column":8},"end":{"line":263,"column":18}},"134":{"start":{"line":264,"column":8},"end":{"line":264,"column":41}},"135":{"start":{"line":265,"column":8},"end":{"line":265,"column":20}},"136":{"start":{"line":266,"column":8},"end":{"line":266,"column":18}},"137":{"start":{"line":267,"column":8},"end":{"line":267,"column":46}},"138":{"start":{"line":268,"column":8},"end":{"line":268,"column":38}},"139":{"start":{"line":269,"column":8},"end":{"line":269,"column":20}},"140":{"start":{"line":272,"column":8},"end":{"line":272,"column":18}},"141":{"start":{"line":273,"column":8},"end":{"line":273,"column":13}},"142":{"start":{"line":276,"column":4},"end":{"line":276,"column":44}},"143":{"start":{"line":279,"column":2},"end":{"line":308,"column":3}},"144":{"start":{"line":280,"column":4},"end":{"line":303,"column":5}},"145":{"start":{"line":281,"column":6},"end":{"line":281,"column":33}},"146":{"start":{"line":283,"column":6},"end":{"line":302,"column":7}},"147":{"start":{"line":285,"column":8},"end":{"line":289,"column":9}},"148":{"start":{"line":287,"column":10},"end":{"line":287,"column":20}},"149":{"start":{"line":288,"column":10},"end":{"line":288,"column":16}},"150":{"start":{"line":291,"column":8},"end":{"line":291,"column":20}},"151":{"start":{"line":293,"column":13},"end":{"line":302,"column":7}},"152":{"start":{"line":295,"column":8},"end":{"line":298,"column":9}},"153":{"start":{"line":296,"column":10},"end":{"line":296,"column":20}},"154":{"start":{"line":297,"column":10},"end":{"line":297,"column":16}},"155":{"start":{"line":305,"column":4},"end":{"line":307,"column":5}},"156":{"start":{"line":306,"column":6},"end":{"line":306,"column":40}},"157":{"start":{"line":310,"column":2},"end":{"line":321,"column":3}},"158":{"start":{"line":312,"column":4},"end":{"line":312,"column":23}},"159":{"start":{"line":313,"column":4},"end":{"line":313,"column":28}},"160":{"start":{"line":314,"column":4},"end":{"line":320,"column":5}},"161":{"start":{"line":315,"column":6},"end":{"line":318,"column":7}},"162":{"start":{"line":316,"column":8},"end":{"line":316,"column":25}},"163":{"start":{"line":317,"column":8},"end":{"line":317,"column":14}},"164":{"start":{"line":319,"column":6},"end":{"line":319,"column":16}},"165":{"start":{"line":323,"column":2},"end":{"line":401,"column":3}},"166":{"start":{"line":324,"column":4},"end":{"line":326,"column":28}},"167":{"start":{"line":328,"column":4},"end":{"line":398,"column":5}},"168":{"start":{"line":329,"column":6},"end":{"line":329,"column":22}},"169":{"start":{"line":330,"column":6},"end":{"line":330,"column":28}},"170":{"start":{"line":331,"column":6},"end":{"line":331,"column":22}},"171":{"start":{"line":332,"column":6},"end":{"line":332,"column":18}},"172":{"start":{"line":333,"column":6},"end":{"line":333,"column":33}},"173":{"start":{"line":334,"column":6},"end":{"line":334,"column":38}},"174":{"start":{"line":336,"column":6},"end":{"line":397,"column":7}},"175":{"start":{"line":337,"column":8},"end":{"line":340,"column":9}},"176":{"start":{"line":338,"column":10},"end":{"line":338,"column":20}},"177":{"start":{"line":339,"column":10},"end":{"line":339,"column":42}},"178":{"start":{"line":341,"column":8},"end":{"line":341,"column":21}},"179":{"start":{"line":343,"column":13},"end":{"line":397,"column":7}},"180":{"start":{"line":344,"column":8},"end":{"line":344,"column":24}},"181":{"start":{"line":345,"column":8},"end":{"line":345,"column":25}},"182":{"start":{"line":346,"column":8},"end":{"line":346,"column":34}},"183":{"start":{"line":347,"column":8},"end":{"line":347,"column":19}},"184":{"start":{"line":349,"column":8},"end":{"line":349,"column":72}},"185":{"start":{"line":349,"column":33},"end":{"line":349,"column":72}},"186":{"start":{"line":350,"column":8},"end":{"line":354,"column":9}},"187":{"start":{"line":351,"column":10},"end":{"line":353,"column":11}},"188":{"start":{"line":352,"column":12},"end":{"line":352,"column":44}},"189":{"start":{"line":356,"column":8},"end":{"line":376,"column":9}},"190":{"start":{"line":357,"column":10},"end":{"line":361,"column":11}},"191":{"start":{"line":358,"column":12},"end":{"line":358,"column":42}},"192":{"start":{"line":363,"column":10},"end":{"line":365,"column":11}},"193":{"start":{"line":364,"column":12},"end":{"line":364,"column":60}},"194":{"start":{"line":367,"column":10},"end":{"line":375,"column":11}},"195":{"start":{"line":368,"column":12},"end":{"line":368,"column":31}},"196":{"start":{"line":369,"column":12},"end":{"line":374,"column":14}},"197":{"start":{"line":378,"column":8},"end":{"line":378,"column":24}},"198":{"start":{"line":380,"column":8},"end":{"line":380,"column":20}},"199":{"start":{"line":381,"column":8},"end":{"line":381,"column":35}},"200":{"start":{"line":382,"column":8},"end":{"line":382,"column":40}},"201":{"start":{"line":384,"column":8},"end":{"line":392,"column":9}},"202":{"start":{"line":385,"column":10},"end":{"line":385,"column":18}},"203":{"start":{"line":387,"column":15},"end":{"line":392,"column":9}},"204":{"start":{"line":388,"column":10},"end":{"line":388,"column":23}},"205":{"start":{"line":391,"column":10},"end":{"line":391,"column":16}},"206":{"start":{"line":395,"column":8},"end":{"line":395,"column":18}},"207":{"start":{"line":396,"column":8},"end":{"line":396,"column":14}},"208":{"start":{"line":400,"column":4},"end":{"line":400,"column":10}},"209":{"start":{"line":403,"column":2},"end":{"line":445,"column":3}},"210":{"start":{"line":404,"column":4},"end":{"line":404,"column":19}},"211":{"start":{"line":406,"column":4},"end":{"line":444,"column":5}},"212":{"start":{"line":407,"column":6},"end":{"line":407,"column":22}},"213":{"start":{"line":408,"column":6},"end":{"line":408,"column":31}},"214":{"start":{"line":409,"column":6},"end":{"line":409,"column":31}},"215":{"start":{"line":410,"column":6},"end":{"line":410,"column":17}},"216":{"start":{"line":411,"column":6},"end":{"line":411,"column":22}},"217":{"start":{"line":412,"column":6},"end":{"line":412,"column":18}},"218":{"start":{"line":413,"column":6},"end":{"line":413,"column":33}},"219":{"start":{"line":414,"column":6},"end":{"line":414,"column":38}},"220":{"start":{"line":416,"column":6},"end":{"line":426,"column":7}},"221":{"start":{"line":417,"column":8},"end":{"line":419,"column":9}},"222":{"start":{"line":418,"column":10},"end":{"line":418,"column":72}},"223":{"start":{"line":420,"column":8},"end":{"line":425,"column":9}},"224":{"start":{"line":421,"column":10},"end":{"line":421,"column":25}},"225":{"start":{"line":422,"column":10},"end":{"line":422,"column":21}},"226":{"start":{"line":424,"column":10},"end":{"line":424,"column":27}},"227":{"start":{"line":428,"column":6},"end":{"line":443,"column":7}},"228":{"start":{"line":429,"column":8},"end":{"line":431,"column":9}},"229":{"start":{"line":430,"column":10},"end":{"line":430,"column":44}},"230":{"start":{"line":433,"column":13},"end":{"line":443,"column":7}},"231":{"start":{"line":434,"column":8},"end":{"line":437,"column":9}},"232":{"start":{"line":435,"column":10},"end":{"line":435,"column":20}},"233":{"start":{"line":436,"column":10},"end":{"line":436,"column":41}},"234":{"start":{"line":438,"column":8},"end":{"line":438,"column":21}},"235":{"start":{"line":441,"column":8},"end":{"line":441,"column":18}},"236":{"start":{"line":442,"column":8},"end":{"line":442,"column":14}},"237":{"start":{"line":447,"column":2},"end":{"line":543,"column":3}},"238":{"start":{"line":449,"column":4},"end":{"line":449,"column":14}},"239":{"start":{"line":451,"column":4},"end":{"line":453,"column":9}},"240":{"start":{"line":455,"column":4},"end":{"line":474,"column":5}},"241":{"start":{"line":456,"column":6},"end":{"line":456,"column":53}},"242":{"start":{"line":458,"column":6},"end":{"line":462,"column":7}},"243":{"start":{"line":459,"column":8},"end":{"line":459,"column":57}},"244":{"start":{"line":461,"column":8},"end":{"line":461,"column":32}},"245":{"start":{"line":464,"column":6},"end":{"line":473,"column":7}},"246":{"start":{"line":465,"column":8},"end":{"line":465,"column":18}},"247":{"start":{"line":466,"column":8},"end":{"line":466,"column":89}},"248":{"start":{"line":467,"column":13},"end":{"line":473,"column":7}},"249":{"start":{"line":469,"column":8},"end":{"line":469,"column":18}},"250":{"start":{"line":470,"column":8},"end":{"line":470,"column":94}},"251":{"start":{"line":472,"column":8},"end":{"line":472,"column":21}},"252":{"start":{"line":478,"column":4},"end":{"line":478,"column":70}},"253":{"start":{"line":478,"column":47},"end":{"line":478,"column":70}},"254":{"start":{"line":480,"column":4},"end":{"line":483,"column":5}},"255":{"start":{"line":481,"column":6},"end":{"line":481,"column":25}},"256":{"start":{"line":482,"column":6},"end":{"line":482,"column":16}},"257":{"start":{"line":485,"column":4},"end":{"line":490,"column":5}},"258":{"start":{"line":486,"column":6},"end":{"line":486,"column":30}},"259":{"start":{"line":489,"column":6},"end":{"line":489,"column":21}},"260":{"start":{"line":492,"column":4},"end":{"line":497,"column":5}},"261":{"start":{"line":495,"column":6},"end":{"line":495,"column":73}},"262":{"start":{"line":495,"column":63},"end":{"line":495,"column":73}},"263":{"start":{"line":496,"column":6},"end":{"line":496,"column":29}},"264":{"start":{"line":500,"column":4},"end":{"line":522,"column":5}},"265":{"start":{"line":501,"column":6},"end":{"line":501,"column":29}},"266":{"start":{"line":504,"column":6},"end":{"line":504,"column":66}},"267":{"start":{"line":505,"column":6},"end":{"line":505,"column":45}},"268":{"start":{"line":507,"column":6},"end":{"line":521,"column":7}},"269":{"start":{"line":508,"column":8},"end":{"line":510,"column":20}},"270":{"start":{"line":510,"column":10},"end":{"line":510,"column":20}},"271":{"start":{"line":512,"column":8},"end":{"line":512,"column":20}},"272":{"start":{"line":513,"column":8},"end":{"line":518,"column":9}},"273":{"start":{"line":514,"column":10},"end":{"li
[...]
":0,"281":0,"283":0,"285":0,"287":0,"288":0,"291":0,"293":0,"295":0,"296":0,"297":0,"305":0,"306":0,"310":1,"312":0,"313":0,"314":0,"315":0,"316":0,"317":0,"319":0,"323":1,"324":0,"328":0,"329":0,"330":0,"331":0,"332":0,"333":0,"334":0,"336":0,"337":0,"338":0,"339":0,"341":0,"343":0,"344":0,"345":0,"346":0,"347":0,"349":0,"350":0,"351":0,"352":0,"356":0,"357":0,"358":0,"363":0,"364":0,"367":0,"368":0,"369":0,"378":0,"380":0,"381":0,"382":0,"384":0,"385":0,"387":0,"388":0,"391":0,"395":0,"396":0,"400":0,"403":1,"404":0,"406":0,"407":0,"408":0,"409":0,"410":0,"411":0,"412":0,"413":0,"414":0,"416":0,"417":0,"418":0,"420":0,"421":0,"422":0,"424":0,"428":0,"429":0,"430":0,"433":0,"434":0,"435":0,"436":0,"438":0,"441":0,"442":0,"447":1,"449":0,"451":0,"455":0,"456":0,"458":0,"459":0,"461":0,"464":0,"465":0,"466":0,"467":0,"469":0,"470":0,"472":0,"478":0,"480":0,"481":0,"482":0,"485":0,"486":0,"489":0,"492":0,"495":0,"496":0,"500":0,"501":0,"504":0,"505":0,"507":0,"508":0,"510":0,"512":0,"513":0,"514":0,"515":0,"516":0,"517":0,"520":0,"524":0,"527":0,"528":0,"531":0,"532":0,"533":0,"536":0,"537":0,"541":0,"542":0,"545":1,"547":0,"549":0,"551":0,"552":0,"554":0,"562":0,"563":0,"566":0,"568":0,"569":0,"571":0,"572":0,"576":0,"577":0,"579":0,"584":0,"587":1,"589":0,"591":0,"592":0,"594":0,"595":0,"597":0,"598":0,"599":0,"601":0,"602":0,"604":0,"606":0,"608":0,"610":0,"613":0,"614":0,"615":0,"616":0,"619":0,"620":0,"621":0,"623":0,"624":0,"626":0,"628":0,"630":0,"631":0,"639":0,"641":0,"644":0,"645":0,"648":0,"649":0,"652":0,"653":0,"654":0,"658":0,"662":0,"665":0,"666":0,"667":0,"668":0,"670":0,"671":0,"672":0,"674":0,"676":0,"680":0,"681":0,"683":0,"698":1,"700":0,"701":0,"706":0,"710":0,"714":0,"715":0,"716":0,"718":0,"719":0,"720":0,"724":0,"725":0,"730":0,"731":0,"732":0,"733":0,"734":0,"736":0,"740":1,"741":0,"743":0,"744":0,"745":0,"748":0,"749":0,"750":0}},"/home/travis/build/npmtest/node-npmtest-parse-json/node_modules/parse-json/vendor/unicode.js":{"path":"/home/travis/build/npmtest/node-npmtest-parse-json/node_modules/parse-json/vendor/unicode.js","s":{"1":1,"2":1,"3":0,"4":1,"5":0,"6":1,"7":0,"8":1,"9":0,"10":1,"11":0,"12":1,"13":0,"14":1,"15":1},"b":{"1":[0,0,0,0,0,0,0,0,0,0,0,0,0,0],"2":[0,0,0,0],"3":[0,0,0,0],"4":[0,0],"5":[0,0,0,0,0,0,0,0],"6":[0,0,0,0,0,0,0,0,0,0]},"f":{"1":0,"2":0,"3":0,"4":0,"5":0,"6":0},"fnMap":{"1":{"name":"isWhiteSpace","line":11,"loc":{"start":{"line":11,"column":30},"end":{"line":11,"column":55}}},"2":{"name":"isWhiteSpaceJSON","line":29,"loc":{"start":{"line":29,"column":34},"end":{"line":29,"column":63}}},"3":{"name":"isLineTerminator","line":36,"loc":{"start":{"line":36,"column":34},"end":{"line":36,"column":63}}},"4":{"name":"isLineTerminatorJSON","line":45,"loc":{"start":{"line":45,"column":38},"end":{"line":45,"column":71}}},"5":{"name":"isIdentifierStart","line":50,"loc":{"start":{"line":50,"column":35},"end":{"line":50,"column":65}}},"6":{"name":"isIdentifierPart","line":58,"loc":{"start":{"line":58,"column":34},"end":{"line":58,"column":63}}}},"statementMap":{"1":{"start":{"line":9,"column":0},"end":{"line":9,"column":24}},"2":{"start":{"line":11,"column":0},"end":{"line":27,"column":1}},"3":{"start":{"line":13,"column":2},"end":{"line":26,"column":23}},"4":{"start":{"line":29,"column":0},"end":{"line":34,"column":1}},"5":{"start":{"line":30,"column":2},"end":{"line":33,"column":23}},"6":{"start":{"line":36,"column":0},"end":{"line":43,"column":1}},"7":{"start":{"line":39,"column":2},"end":{"line":42,"column":23}},"8":{"start":{"line":45,"column":0},"end":{"line":48,"column":1}},"9":{"start":{"line":46,"column":2},"end":{"line":47,"column":23}},"10":{"start":{"line":50,"column":0},"end":{"line":56,"column":1}},"11":{"start":{"line":51,"column":2},"end":{"line":55,"column":63}},"12":{"start":{"line":58,"column":0},"end":{"line":65,"column":1}},"13":{"start":{"line":59,"column":2},"end":{"line":64,"column":62}},"14":{"start":{"line":67,"column":0},"end":{"line":67,"column":4241}},"15":{"start":{"line":71,"column":0},"end":{"line":71,"column":5080}}},"branchMap":{"1":{"line":13,"type":"binary-expr","locations":[{"start":{"line":13,"column":9},"end":{"line":13,"column":23}},{"start":{"line":14,"column":9},"end":{"line":14,"column":23}},{"start":{"line":15,"column":9},"end":{"line":15,"column":23}},{"start":{"line":16,"column":10},"end":{"line":16,"column":23}},{"start":{"line":16,"column":27},"end":{"line":16,"column":40}},{"start":{"line":19,"column":9},"end":{"line":19,"column":23}},{"start":{"line":20,"column":9},"end":{"line":20,"column":23}},{"start":{"line":21,"column":10},"end":{"line":21,"column":23}},{"start":{"line":21,"column":27},"end":{"line":21,"column":40}},{"start":{"line":22,"column":9},"end":{"line":22,"column":23}},{"start":{"line":23,"column":9},"end":{"line":23,"column":23}},{"start":{"line":24,"column":9},"end":{"line":24,"column":23}},{"start":{"line":25,"column":9},"end":{"line":25,"column":23}},{"start":{"line":26,"column":9},"end":{"line":26,"column":23}}]},"2":{"line":30,"type":"binary-expr","locations":[{"start":{"line":30,"column":9},"end":{"line":30,"column":23}},{"start":{"line":31,"column":9},"end":{"line":31,"column":23}},{"start":{"line":32,"column":9},"end":{"line":32,"column":23}},{"start":{"line":33,"column":9},"end":{"line":33,"column":23}}]},"3":{"line":39,"type":"binary-expr","locations":[{"start":{"line":39,"column":9},"end":{"line":39,"column":23}},{"start":{"line":40,"column":9},"end":{"line":40,"column":23}},{"start":{"line":41,"column":9},"end":{"line":41,"column":23}},{"start":{"line":42,"column":9},"end":{"line":42,"column":23}}]},"4":{"line":46,"type":"binary-expr","locations":[{"start":{"line":46,"column":9},"end":{"line":46,"column":23}},{"start":{"line":47,"column":9},"end":{"line":47,"column":23}}]},"5":{"line":51,"type":"binary-expr","locations":[{"start":{"line":51,"column":9},"end":{"line":51,"column":18}},{"start":{"line":52,"column":9},"end":{"line":52,"column":18}},{"start":{"line":53,"column":10},"end":{"line":53,"column":18}},{"start":{"line":53,"column":22},"end":{"line":53,"column":30}},{"start":{"line":54,"column":10},"end":{"line":54,"column":18}},{"start":{"line":54,"column":22},"end":{"line":54,"column":30}},{"start":{"line":55,"column":10},"end":{"line":55,"column":23}},{"start":{"line":55,"column":27},"end":{"line":55,"column":62}}]},"6":{"line":59,"type":"binary-expr","locations":[{"start":{"line":59,"column":9},"end":{"line":59,"column":18}},{"start":{"line":60,"column":9},"end":{"line":60,"column":18}},{"start":{"line":61,"column":10},"end":{"line":61,"column":18}},{"start":{"line":61,"column":22},"end":{"line":61,"column":30}},{"start":{"line":62,"column":10},"end":{"line":62,"column":18}},{"start":{"line":62,"column":22},"end":{"line":62,"column":30}},{"start":{"line":63,"column":10},"end":{"line":63,"column":18}},{"start":{"line":63,"column":22},"end":{"line":63,"column":30}},{"start":{"line":64,"column":10},"end":{"line":64,"column":23}},{"start":{"line":64,"column":27},"end":{"line":64,"column":61}}]}},"code":["","// This is autogenerated with esprima tools, see:","// https://github.com/ariya/esprima/blob/master/esprima.js","//","// PS: oh God, I hate Unicode","","// ECMAScript 5.1/Unicode v6.3.0 NonAsciiIdentifierStart:","","var Uni = module.exports","","module.exports.isWhiteSpace = function isWhiteSpace(x) {","  // section 7.2, table 2","  return x === '\\u0020'","      || x === '\\u00A0'","      || x === '\\uFEFF' // <-- this is not a Unicode WS, only a JS one","      || (x >= '\\u0009' && x <= '\\u000D') // 9 A B C D","","      // + whitespace characters from unicode, category Zs","      || x === '\\u1680'","      || x === '\\u180E'","      || (x >= '\\u2000' && x <= '\\u200A') // 0 1 2 3 4 5 6 7 8 9 A","      || x === '\\u2028'","      || x === '\\u2029'","      || x === '\\u202F'","      || x === '\\u205F'","      || x === '\\u3000'","}","","module.exports.isWhiteSpaceJSON = function isWhiteSpaceJSON(x) {","  return x === '\\u0020'","      || x === '\\u0009'","      || x === '\\u000A'","      || x === '\\u000D'","}","","module.exports.isLineTerminator = function isLineTerminator(x) {","  // ok, here is the part when JSON is wrong","  // section 7.3, table 3","  return x === '\\u000A'","      || x === '\\u000D'","      || x === '\\u2028'","      || x === '\\u2029'","}","","module.exports.isLineTerminatorJSON = function isLineTerminatorJSON(x) {","  return x === '\\u000A'","      || x === '\\u000D'","}","","module.exports.isIdentifierStart = function isIdentifierStart(x) {","  return x === '$'","      || x === '_'","      || (x >= 'A' && x <= 'Z')","      || (x >= 'a' && x <= 'z')","      || (x >= '\\u0080' && Uni.NonAsciiIdentifierStart.test(x))","}","","module.exports.isIdentifierPart = function isIdentifierPart(x) {","  return x === '$'","      || x === '_'","      || (x >= 'A' && x <= 'Z')","      || (x >= 'a' && x <= 'z')","      || (x >= '0' && x <= '9') // <-- addition to Start","      || (x >= '\\u0080' && Uni.NonAsciiIdentifierPart.test(x))","}","","module.exports.NonAsciiIdentifierStart = /[\\xAA\\xB5\\xBA\\xC0-\\xD6\\xD8-\\xF6\\xF8-\\u02C1\\u02C6-\\u02D1\\u02E0-\\u02E4\\u02EC\\u02EE\\u0370-\\u0374\\u0376\\u0377\\u037A-\\u037D\\u0386\\u0388-\\u038A\\u038C\\u038E-\\u03A1\\u03A3-\\u03F5\\u03F7-\\u0481\\u048A-\\u0527\\u0531-\\u0556\\u0559\\u0561-\\u0587\\u05D0-\\u05EA\\u05F0-\\u05F2\\u0620-\\u064A\\u066E\\u066F\\u0671-\\u06D3\\u06D5\\u06E5\\u06E6\\u06EE\\u06EF\\u06FA-\\u06FC\\u06FF\\u0710\\u0712-\\u072F\\u074D-\\u07A5\\u07B1\\u07CA-\\u07EA\\u07F4\\u07F5\\u07FA\\u0800-\\u0815\\u081A\\u0824\\u0828\\u0840-\\u0858\\u08A0\\u08A2-\\u08AC\\u0904-\\u0939\\u093D\\u0950\\u0958-\\u0961\\u0971-\\u0977\\u0979-\\u097F\\u0985-\\u098C\\u098F\\u0990\\u0993-\\u09A8\\u09AA-\\u09B0\\u09B2\\u09B6-\\u09B9\\u09BD\\u09CE\\u09DC\\u09DD\\u09DF-\\u09E1\\u09F0\\u09F1\\u0A05-\\u0A0A\\u0A0F\\u0A10\\u0A13-\\u0A28\\u0A2A-\\u0A30\\u0A32\\u0A33\\u0A35\\u0A36\\u0A38\\u0A39\\u0A59-\\u0A5C\\u0A5E\\u0A72-\\u0A74\\u0A85-\\u0A8D\\u0A8F-\\u0A91\\u0A93-\\u0AA8\\u0AAA-\\u0AB0\\u0AB2\\u0AB3\\u0AB5-\\u0AB9\\u0ABD\\u0AD0\\u0AE0\\u0AE1\\u0B05-\\u0B0C\\u0B0F\\u0B10\\u0B13-\\u0B28\\u0B2A-\\u0B30\\u0B32\\u0B33\\u0B35-\\u0B39\\u0B3D\\u0B5C\\u0B5D\\u0B5F-\\u0B61\\u0B71\\u0B83\\u0B85-\\u0B8A\\u0B8E-\\u0B90\\u0B92-\\u0B95\\u0B99\\u0B9A\\u0B9C\\u0B9E\\u0B9F\\u0BA3\\u0BA4\\u0BA8-\\u0BAA\\u0BAE-\\u0BB9\\u0BD0\\u0C05-\\u0C0C\\u0C0E-\\u0C10\\u0C12-\\u0C28\\u0C2A-\\u0C33\\u0C35-\\u0C39\\u0C3D\\u0C58\\u0C59\\u0C60\\u0C61\\u0C85-\\u0C8C\\u0C8E-\\u0C90\\u0C92-\\u0CA8\\u0CAA-\\u0CB3\\u0CB5-\\u0CB9\\u0CBD\\u0CDE\\u0CE0\\u0CE1\\u0CF1\\u0CF2\\u0D05-\\u0D0C\\u0D0E-\\u0D10\\u0D12-\\u0D3A\\u0D3D\\u0D4E\\u0D60\\u0D61\\u0D7A-\\u0D7F\\u0D85-\\u0D96\\u0D9A-\\u0DB1\\u0DB3-\\u0DBB\\u0DBD\\u0DC0-\\u0DC6\\u0E01-\\u0E30\\u0E32\\u0E33\\u0E40-\\u0E46\\u0E81\\u0E82\\u0E84\\u0E87\\u0E88\\u0E8A\\u0E8D\\u0E94-\\u0E97\\u0E99-\\u0E9F\\u0EA1-\\u0EA3\\u0EA5\\u0EA7\\u0EAA\\u0EAB\\u0EAD-\\u0EB0\\u0EB2\\u0EB3\\u0EBD\\u0EC0-\\u0EC4\\u0EC6\\u0EDC-\\u0EDF\\u0F00\\u0F40-\\u0F47\\u0F49-\\u0F6C\\u0F88-\\u0F8C\\u1000-\\u102A\\u103F\\u1050-\\u1055\\u105A-\\u105D\\u1061\\u1065\\u1066\\u106E-\\u1070\\u1075-\\u1081\\u108E\\u10A0-\\u10C5\\u10C7\\u10CD\\u10D0-\\u10FA\\u10FC-\\u1248\\u124A-\\u124D\\u1250-\\u1256\\u1258\\u125A-\\u125D\\u1260-\\u1288\\u128A-\\u128D\\u1290-\\u12B0\\u12B2-\\u12B5\\u12B8-\\u12BE\\u12C0\\u12C2-\\u12C5\\u12C8-\\u12D6\\u12D8-\\u1310\\u1312-\\u1315\\u1318-\\u135A\\u1380-\\u138F\\u13A0-\\u13F4\\u1401-\\u166C\\u166F-\\u167F\\u1681-\\u169A\\u16A0-\\u16EA\\u16EE-\\u16F0\\u1700-\\u170C\\u170E-\\u1711\\u1720-\\u1731\\u1740-\\u1751\\u1760-\\u176C\\u176E-\\u1770\\u1780-\\u17B3\\u17D7\\u17DC\\u1820-\\u1877\\u1880-\\u18A8\\u18AA\\u18B0-\\u18F5\\u1900-\\u191C\\u1950-\\u196D\\u1970-\\u1974\\u1980-\\u19AB\\u19C1-\\u19C7\\u1A00-\\u1A16\\u1A20-\\u1A54\\u1AA7\\u1B05-\\u1B33\\u1B45-\\u1B4B\\u1B83-\\u1BA0\\u1BAE\\u1BAF\\u1BBA-\\u1BE5\\u1C00-\\u1C23\\u1C4D-\\u1C4F\\u1C5A-\\u1C7D\\u1CE9-\\u1CEC\\u1CEE-\\u1CF1\\u1CF5\\u1CF6\\u1D00-\\u1DBF\\u1E00-\\u1F15\\u1F18-\\u1F1D\\u1F20-\\u1F45\\u1F48-\\u1F4D\\u1F50-\\u1F57\\u1F59\\u1F5B\\u1F5D\\u1F5F-\\u1F7D\\u1F80-\\u1FB4\\u1FB6-\\u1FBC\\u1FBE\\u1FC2-\\u1FC4\\u1FC6-\\u1FCC\\u1FD0-\\u1FD3\\u1FD6-\\u1FDB\\u1FE0-\\u1FEC\\u1FF2-\\u1FF4\\u1FF6-\\u1FFC\\u2071\\u207F\\u2090-\\u209C\\u2102\\u2107\\u210A-\\u2113\\u2115\\u2119-\\u211D\\u2124\\u2126\\u2128\\u212A-\\u212D\\u212F-\\u2139\\u213C-\\u213F\\u2145-\\u2149\\u214E\\u2160-\\u2188\\u2C00-\\u2C2E\\u2C30-\\u2C5E\\u2C60-\\u2CE4\\u2CEB-\\u2CEE\\u2CF2\\u2CF3\\u2D00-\\u2D25\\u2D27\\u2D2D\\u2D30-\\u2D67\\u2D6F\\u2D80-\\u2D96\\u2DA0-\\u2DA6\\u2DA8-\\u2DAE\\u2DB0-\\u2DB6\\u2DB8-\\u2DBE\\u2DC0-\\u2DC6\\u2DC8-\\u2DCE\\u2DD0-\\u2DD6\\u2DD8-\\u2DDE\\u2E2F\\u3005-\\u3007\\u3021-\\u3029\\u3031-\\u3035\\u3038-\\u303C\\u3041-\\u3096\\u309D-\\u309F\\u30A1-\\u30FA\\u30FC-\\u30FF\\u3105-\\u312D\\u3131-\\u318E\\u31A0-\\u31BA\\u31F0-\\u31FF\\u3400-\\u4DB5\\u4E00-\\u9FCC\\uA000-\\uA48C\\uA4D0-\\uA4FD\\uA500-\\uA60C\\uA610-\\uA61F\\uA62A\\uA62B\\uA640-\\uA66E\\uA67F-\\uA697\\uA6A0-\\uA6EF\\uA717-\\uA71F\\uA722-\\uA788\\uA78B-\\uA78E\\uA790-\\uA793\\uA7A0-\\uA7AA\\uA7F8-\\uA801\\uA803-\\uA805\\uA807-\\uA80A\\uA80C-\\uA822\\uA840-\\uA873\\uA882-\\uA8B3\\uA8F2-\\uA8F7\\uA8FB\\uA90A-\\uA925\\uA930-\\uA946\\uA960-\\uA97C\\uA984-\\uA9B2\\uA9CF\\uAA00-\\uAA28\\uAA40-\\uAA42\\uAA44-\\uAA4B\\uAA60-\\uAA76\\uAA7A\\uAA80-\\uAAAF\\uAAB1\\uAAB5\\uAAB6\\uAAB9-\\uAABD\\uAAC0\\uAAC2\\uAADB-\\uAADD\\uAAE0-\\uAAEA\\uAAF2-\\uAAF4\\uAB01-\\uAB06\\uAB09-\\uAB0E\\uAB11-\\uAB16\\uAB20-\\uAB26\\uAB28-\\uAB2E\\uABC0-\\uABE2\\uAC00-\\uD7A3\\uD7B0-\\uD7C6\\uD7CB-\\uD7FB\\uF900-\\uFA6D\\uFA70-\\uFAD9\\uFB00-\\uFB06\\uFB13-\\uFB17\\uFB1D\\uFB1F-\\uFB28\\uFB2A-\\uFB36\\uFB38-\\uFB3C\\uFB3E\\uFB40\\uFB41\\uFB43\\uFB44\\uFB46-\\uFBB1\\uFBD3-\\uFD3D\\uFD50-\\uFD8F\\uFD92-\\uFDC7\\uFDF0-\\uFDFB\\uFE70-\\uFE74\\uFE76-\\uFEFC\\uFF21-\\uFF3A\\uFF41-\\uFF5A\\uFF66-\\uFFBE\\uFFC2-\\uFFC7\\uFFCA-\\uFFCF\\uFFD2-\\uFFD7\\uFFDA-\\uFFDC]/","","// ECMAScript 5.1/Unicode v6.3.0 NonAsciiIdentifierPart:","","module.exports.NonAsciiIdentifierPart = /[\\xAA\\xB5\\xBA\\xC0-\\xD6\\xD8-\\xF6\\xF8-\\u02C1\\u02C6-\\u02D1\\u02E0-\\u02E4\\u02EC\\u02EE\\u0300-\\u0374\\u0376\\u0377\\u037A-\\u037D\\u0386\\u0388-\\u038A\\u038C\\u038E-\\u03A1\\u03A3-\\u03F5\\u03F7-\\u0481\\u0483-\\u0487\\u048A-\\u0527\\u0531-\\u0556\\u0559\\u0561-\\u0587\\u0591-\\u05BD\\u05BF\\u05C1\\u05C2\\u05C4\\u05C5\\u05C7\\u05D0-\\u05EA\\u05F0-\\u05F2\\u0610-\\u061A\\u0620-\\u0669\\u066E-\\u06D3\\u06D5-\\u06DC\\u06DF-\\u06E8\\u06EA-\\u06FC\\u06FF\\u0710-\\u074A\\u074D-\\u07B1\\u07C0-\\u07F5\\u07FA\\u0800-\\u082D\\u0840-\\u085B\\u08A0\\u08A2-\\u08AC\\u08E4-\\u08FE\\u0900-\\u0963\\u0966-\\u096F\\u0971-\\u0977\\u0979-\\u097F\\u0981-\\u0983\\u0985-\\u098C\\u098F\\u0990\\u0993-\\u09A8\\u09AA-\\u09B0\\u09B2\\u09B6-\\u09B9\\u09BC-\\u09C4\\u09C7\\u09C8\\u09CB-\\u09CE\\u09D7\\u09DC\\u09DD\\u09DF-\\u09E3\\u09E6-\\u09F1\\u0A01-\\u0A03\\u0A05-\\u0A0A\\u0A0F\\u0A10\\u0A13-\\u0A28\\u0A2A-\\u0A30\\u0A32\\u0A33\\u0A35\\u0A36\\u0A38\\u0A39\\u0A3C\\u0A3E-\\u0A42\\u0A47\\u0A48\\u0A4B-\\u0A4D\\u0A51\\u0A59-\\u0A5C\\u0A5E\\u0A66-\\u0A75\\u0A81-\\u0A83\\u0A85-\\u0A8D\\u0A8F-\\u0A91\\u0A93-\\u0AA8\\u0AAA-\\u0AB0\\u0AB2\\u0AB3\\u0AB5-\\u0AB9\\u0ABC-\\u0AC5\\u0AC7-\\u0AC9\\u0ACB-\\u0ACD\\u0AD0\\u0AE0-\\u0AE3\\u0AE6-\\u0AEF\\u0B01-\\u0B03\\u0B05-\\u0B0C\\u0B0F\\u0B10\\u0B13-\\u0B28\\u0B2A-\\u0B30\\u0B32\\u0B33\\u0B35-\\u0B39\\u0B3C-\\u0B44\\u0B47\\u0B48\\u0B4B-\\u0B4D\\u0B56\\u0B57\\u0B5C\\u0B5D\\u0B5F-\\u0B63\\u0B66-\\u0B6F\\u0B71\\u0B82\\u0B83\\u0B85-\\u0B8A\\u0B8E-\\u0B90\\u0B92-\\u0B95\\u0B99\\u0B9A\\u0B9C\\u0B9E\\u0B9F\\u0BA3\\u0BA4\\u0BA8-\\u0BAA\\u0BAE-\\u0BB9\\u0BBE-\\u0BC2\\u0BC6-\\u0BC8\\u0BCA-\\u0BCD\\u0BD0\\u0BD7\\u0BE6-\\u0BEF\\u0C01-\\u0C03\\u0C05-\\u0C0C\\u0C0E-\\u0C10\\u0C12-\\u0C28\\u0C2A-\\u0C33\\u0C35-\\u0C39\\u0C3D-\\u0C44\\u0C46-\\u0C48\\u0C4A-\\u0C4D\\u0C55\\u0C56\\u0C58\\u0C59\\u0C60-\\u0C63\\u0C66-\\u0C6F\\u0C82\\u0C83\\u0C85-\\u0C8C\\u0C8E-\\u0C90\\u0C92-\\u0CA8\\u0CAA-\\u0CB3\\u0CB5-\\u0CB9\\u0CBC-\\u0CC4\\u0CC6-\\u0CC8\\u0CCA-\\u0CCD\\u0CD5\\u0CD6\\u0CDE\\u0CE0-\\u0CE3\\u0CE6-\\u0CEF\\u0CF1\\u0CF2\\u0D02\\u0D03\\u0D05-\\u0D0C\\u0D0E-\\u0D10\\u0D12-\\u0D3A\\u0D3D-\\u0D44\\u0D46-\\u0D48\\u0D4A-\\u0D4E\\u0D57\\u0D60-\\u0D63\\u0D66-\\u0D6F\\u0D7A-\\u0D7F\\u0D82\\u0D83\\u0D85-\\u0D96\\u0D9A-\\u0DB1\\u0DB3-\\u0DBB\\u0DBD\\u0DC0-\\u0DC6\\u0DCA\\u0DCF-\\u0DD4\\u0DD6\\u0DD8-\\u0DDF\\u0DF2\\u0DF3\\u0E01-\\u0E3A\\u0E40-\\u0E4E\\u0E50-\\u0E59\\u0E81\\u0E82\\u0E84\\u0E87\\u0E88\\u0E8A\\u0E8D\\u0E94-\\u0E97\\u0E99-\\u0E9F\\u0EA1-\\u0EA3\\u0EA5\\u0EA7\\u0EAA\\u0EAB\\u0EAD-\\u0EB9\\u0EBB-\\u0EBD\\u0EC0-\\u0EC4\\u0EC6\\u0EC8-\\u0ECD\\u0ED0-\\u0ED9\\u0EDC-\\u0EDF\\u0F00\\u0F18\\u0F19\\u0F20-\\u0F29\\u0F35\\u0F37\\u0F39\\u0F3E-\\u0F47\\u0F49-\\u0F6C\\u0F71-\\u0F84\\u0F86-\\u0F97\\u0F99-\\u0FBC\\u0FC6\\u1000-\\u1049\\u1050-\\u109D\\u10A0-\\u10C5\\u10C7\\u10CD\\u10D0-\\u10FA\\u10FC-\\u1248\\u124A-\\u124D\\u1250-\\u1256\\u1258\\u125A-\\u125D\\u1260-\\u1288\\u128A-\\u128D\\u1290-\\u12B0\\u12B2-\\u12B5\\u12B8-\\u12BE\\u12C0\\u12C2-\\u12C5\\u12C8-\\u12D6\\u12D8-\\u1310\\u1312-\\u1315\\u1318-\\u135A\\u135D-\\u135F\\u1380-\\u138F\\u13A0-\\u13F4\\u1401-\\u166C\\u166F-\\u167F\\u1681-\\u169A\\u16A0-\\u16EA\\u16EE-\\u16F0\\u1700-\\u170C\\u170E-\\u1714\\u1720-\\u1734\\u1740-\\u1753\\u1760-\\u176C\\u176E-\\u1770\\u1772\\u1773\\u1780-\\u17D3\\u17D7\\u17DC\\u17DD\\u17E0-\\u17E9\\u180B-\\u180D\\u1810-\\u1819\\u1820-\\u1877\\u1880-\\u18AA\\u18B0-\\u18F5\\u1900-\\u191C\\u1920-\\u192B\\u1930-\\u193B\\u1946-\\u196D\\u1970-\\u1974\\u1980-\\u19AB\\u19B0-\\u19C9\\u19D0-\\u19D9\\u1A00-\\u1A1B\\u1A20-\\u1A5E\\u1A60-\\u1A7C\\u1A7F-\\u1A89\\u1A90-\\u1A99\\u1AA7\\u1B00-\\u1B4B\\u1B50-\\u1B59\\u1B6B-\\u1B73\\u1B80-\\u1BF3\\u1C00-\\u1C37\\u1C40-\\u1C49\\u1C4D-\\u1C7D\\u1CD0-\\u1CD2\\u1CD4-\\u1CF6\\u1D00-\\u1DE6\\u1DFC-\\u1F15\\u1F18-\\u1F1D\\u1F20-\\u1F45\\u1F48-\\u1F4D\\u1F50-\\u1F57\\u1F59\\u1F5B\\u1F5D\\u1F5F-\\u1F7D\\u1F80-\\u1FB4\\u1FB6-\\u1FBC\\u1FBE\\u1FC2-\\u1FC4\\u1FC6-\\u1FCC\\u1FD0-\\u1FD3\\u1FD6-\\u1FDB\\u1FE0-\\u1FEC\\u1FF2-\\u1FF4\\u1FF6-\\u1FFC\\u200C\\u200D\\u203F\\u2040\\u2054\\u2071\\u207F\\u2090-\\u209C\\u20D0-\\u20DC\\u20E1\\u20E5-\\u20F0\\u2102\\u2107\\u210A-\\u2113\\u2115\\u2119-\\u211D\\u2124\\u2126\\u2128\\u212A-\\u212D\\u212F-\\u2139\\u213C-\\u213F\\u2145-\\u2149\\u214E\\u2160-\\u2188\\u2C00-\\u2C2E\\u2C30-\\u2C5E\\u2C60-\\u2CE4\\u2CEB-\\u2CF3\\u2D00-\\u2D25\\u2D27\\u2D2D\\u2D30-\\u2D67\\u2D6F\\u2D7F-\\u2D96\\u2DA0-\\u2DA6\\u2DA8-\\u2DAE\\u2DB0-\\u2DB6\\u2DB8-\\u2DBE\\u2DC0-\\u2DC6\\u2DC8-\\u2DCE\\u2DD0-\\u2DD6\\u2DD8-\\u2DDE\\u2DE0-\\u2DFF\\u2E2F\\u3005-\\u3007\\u3021-\\u302F\\u3031-\\u3035\\u3038-\\u303C\\u3041-\\u3096\\u3099\\u309A\\u309D-\\u309F\\u30A1-\\u30FA\\u30FC-\\u30FF\\u3105-\\u312D\\u3131-\\u318E\\u31A0-\\u31BA\\u31F0-\\u31FF\\u3400-\\u4DB5\\u4E00-\\u9FCC\\uA000-\\uA48C\\uA4D0-\\uA4FD\\uA500-\\uA60C\\uA610-\\uA62B\\uA640-\\uA66F\\uA674-\\uA67D\\uA67F-\\uA697\\uA69F-\\uA6F1\\uA717-\\uA71F\\uA722-\\uA788\\uA78B-\\uA78E\\uA790-\\uA793\\uA7A0-\\uA7AA\\uA7F8-\\uA827\\uA840-\\uA873\\uA880-\\uA8C4\\uA8D0-\\uA8D9\\uA8E0-\\uA8F7\\uA8FB\\uA900-\\uA92D\\uA930-\\uA953\\uA960-\\uA97C\\uA980-\\uA9C0\\uA9CF-\\uA9D9\\uAA00-\\uAA36\\uAA40-\\uAA4D\\uAA50-\\uAA59\\uAA60-\\uAA76\\uAA7A\\uAA7B\\uAA80-\\uAAC2\\uAADB-\\uAADD\\uAAE0-\\uAAEF\\uAAF2-\\uAAF6\\uAB01-\\uAB06\\uAB09-\\uAB0E\\uAB11-\\uAB16\\uAB20-\\uAB26\\uAB28-\\uAB2E\\uABC0-\\uABEA\\uABEC\\uABED\\uABF0-\\uABF9\\uAC00-\\uD7A3\\uD7B0-\\uD7C6\\uD7CB-\\uD7FB\\uF900-\\uFA6D\\uFA70-\\uFAD9\\uFB00-\\uFB06\\uFB13-\\uFB17\\uFB1D-\\uFB28\\uFB2A-\\uFB36\\uFB38-\\uFB3C\\uFB3E\\uFB40\\uFB41\\uFB43\\uFB44\\uFB46-\\uFBB1\\uFBD3-\\uFD3D\\uFD50-\\uFD8F\\uFD92-\\uFDC7\\uFDF0-\\uFDFB\\uFE00-\\uFE0F\\uFE20-\\uFE26\\uFE33\\uFE34\\uFE4D-\\uFE4F\\uFE70-\\uFE74\\uFE76-\\uFEFC\\uFF10-\\uFF19\\uFF21-\\uFF3A\\uFF3F\\uFF41-\\uFF5A\\uFF66-\\uFFBE\\uFFC2-\\uFFC7\\uFFCA-\\uFFCF\\uFFD2-\\uFFD7\\uFFDA-\\uFFDC]/",""],"l":{"9":1,"11":1,"13":0,"29":1,"30":0,"36":1,"39":0,"45":1,"46":0,"50":1,"51":0,"58":1,"59":0,"67":1,"71":1}}}